This is pdfTeX, Version 3.14159265-2.6-1.40.19 (TeX Live 2018) (preloaded format=pdflatex 2018.4.16)  1 JUL 2019 12:48
entering extended mode
 \write18 enabled.
 file:line:error style messages enabled.
 %&-line parsing enabled.
**main.tex
(./main.tex
LaTeX2e <2018-04-01> patch level 2
Babel <3.18> and hyphenation patterns for 84 language(s) loaded.
(/usr/local/texlive/2018/texmf-dist/tex/latex/beamer/beamer.cls
Document Class: beamer 2018/02/20 v3.50 A class for typesetting presentations
(/usr/local/texlive/2018/texmf-dist/tex/latex/beamer/beamerbasemodes.sty (/usr/local/texlive/2018/texmf-dist/tex/latex/etoolbox/etoolbox.sty
Package: etoolbox 2018/02/11 v2.5e e-TeX tools for LaTeX (JAW)
\etb@tempcnta=\count80
)
\beamer@tempbox=\box26
\beamer@tempcount=\count81
\c@beamerpauses=\count82
 (/usr/local/texlive/2018/texmf-dist/tex/latex/beamer/beamerbasedecode.sty
\beamer@slideinframe=\count83
\beamer@minimum=\count84
)
\beamer@commentbox=\box27
\beamer@modecount=\count85
) (/usr/local/texlive/2018/texmf-dist/tex/generic/oberdiek/ifpdf.sty
Package: ifpdf 2017/03/15 v3.2 Provides the ifpdf switch
)
\headdp=\dimen102
\footheight=\dimen103
\sidebarheight=\dimen104
\beamer@tempdim=\dimen105
\beamer@finalheight=\dimen106
\beamer@animht=\dimen107
\beamer@animdp=\dimen108
\beamer@animwd=\dimen109
\beamer@leftmargin=\dimen110
\beamer@rightmargin=\dimen111
\beamer@leftsidebar=\dimen112
\beamer@rightsidebar=\dimen113
\beamer@boxsize=\dimen114
\beamer@vboxoffset=\dimen115
\beamer@descdefault=\dimen116
\beamer@descriptionwidth=\dimen117
\beamer@lastskip=\skip41
\beamer@areabox=\box28
\beamer@animcurrent=\box29
\beamer@animshowbox=\box30
\beamer@sectionbox=\box31
\beamer@logobox=\box32
\beamer@linebox=\box33
\beamer@sectioncount=\count86
\beamer@subsubsectionmax=\count87
\beamer@subsectionmax=\count88
\beamer@sectionmax=\count89
\beamer@totalheads=\count90
\beamer@headcounter=\count91
\beamer@partstartpage=\count92
\beamer@sectionstartpage=\count93
\beamer@subsectionstartpage=\count94
\beamer@animationtempa=\count95
\beamer@animationtempb=\count96
\beamer@xpos=\count97
\beamer@ypos=\count98
\beamer@ypos@offset=\count99
\beamer@showpartnumber=\count100
\beamer@currentsubsection=\count101
\beamer@coveringdepth=\count102
\beamer@sectionadjust=\count103
\beamer@tocsectionnumber=\count104
 (/usr/local/texlive/2018/texmf-dist/tex/latex/beamer/beamerbaseoptions.sty (/usr/local/texlive/2018/texmf-dist/tex/latex/graphics/keyval.sty
Package: keyval 2014/10/28 v1.15 key=value parser (DPC)
\KV@toks@=\toks14
))
\beamer@paperwidth=\skip42
\beamer@paperheight=\skip43
 (/usr/local/texlive/2018/texmf-dist/tex/latex/geometry/geometry.sty
Package: geometry 2018/03/24 v5.7 Page Geometry
 (/usr/local/texlive/2018/texmf-dist/tex/generic/oberdiek/ifvtex.sty
Package: ifvtex 2016/05/16 v1.6 Detect VTeX and its facilities (HO)
Package ifvtex Info: VTeX not detected.
) (/usr/local/texlive/2018/texmf-dist/tex/generic/ifxetex/ifxetex.sty
Package: ifxetex 2010/09/12 v0.6 Provides ifxetex conditional
)
\Gm@cnth=\count105
\Gm@cntv=\count106
\c@Gm@tempcnt=\count107
\Gm@bindingoffset=\dimen118
\Gm@wd@mp=\dimen119
\Gm@odd@mp=\dimen120
\Gm@even@mp=\dimen121
\Gm@layoutwidth=\dimen122
\Gm@layoutheight=\dimen123
\Gm@layouthoffset=\dimen124
\Gm@layoutvoffset=\dimen125
\Gm@dimlist=\toks15
) (/usr/local/texlive/2018/texmf-dist/tex/latex/base/size10.clo
File: size10.clo 2014/09/29 v1.4h Standard LaTeX file (size option)
) (/usr/local/texlive/2018/texmf-dist/tex/latex/pgf/basiclayer/pgfcore.sty (/usr/local/texlive/2018/texmf-dist/tex/latex/graphics/graphicx.sty
Package: graphicx 2017/06/01 v1.1a Enhanced LaTeX Graphics (DPC,SPQR)
 (/usr/local/texlive/2018/texmf-dist/tex/latex/graphics/graphics.sty
Package: graphics 2017/06/25 v1.2c Standard LaTeX Graphics (DPC,SPQR)
 (/usr/local/texlive/2018/texmf-dist/tex/latex/graphics/trig.sty
Package: trig 2016/01/03 v1.10 sin cos tan (DPC)
) (/usr/local/texlive/2018/texmf-dist/tex/latex/graphics-cfg/graphics.cfg
File: graphics.cfg 2016/06/04 v1.11 sample graphics configuration
)
Package graphics Info: Driver file: pdftex.def on input line 99.
 (/usr/local/texlive/2018/texmf-dist/tex/latex/graphics-def/pdftex.def
File: pdftex.def 2018/01/08 v1.0l Graphics/color driver for pdftex
))
\Gin@req@height=\dimen126
\Gin@req@width=\dimen127
) (/usr/local/texlive/2018/texmf-dist/tex/latex/pgf/systemlayer/pgfsys.sty (/usr/local/texlive/2018/texmf-dist/tex/latex/pgf/utilities/pgfrcs.sty (/usr/local/texlive/2018/texmf-dist/tex/generic/pgf/utilities/pgfutil-common.tex
\pgfutil@everybye=\toks16
\pgfutil@tempdima=\dimen128
\pgfutil@tempdimb=\dimen129
 (/usr/local/texlive/2018/texmf-dist/tex/generic/pgf/utilities/pgfutil-common-lists.tex)) (/usr/local/texlive/2018/texmf-dist/tex/generic/pgf/utilities/pgfutil-latex.def
\pgfutil@abb=\box34
 (/usr/local/texlive/2018/texmf-dist/tex/latex/ms/everyshi.sty
Package: everyshi 2001/05/15 v3.00 EveryShipout Package (MS)
)) (/usr/local/texlive/2018/texmf-dist/tex/generic/pgf/utilities/pgfrcs.code.tex
Package: pgfrcs 2015/08/07 v3.0.1a (rcs-revision 1.31)
)) (/usr/local/texlive/2018/texmf-dist/tex/generic/pgf/systemlayer/pgfsys.code.tex
Package: pgfsys 2014/07/09 v3.0.1a (rcs-revision 1.48)
 (/usr/local/texlive/2018/texmf-dist/tex/generic/pgf/utilities/pgfkeys.code.tex
\pgfkeys@pathtoks=\toks17
\pgfkeys@temptoks=\toks18
 (/usr/local/texlive/2018/texmf-dist/tex/generic/pgf/utilities/pgfkeysfiltered.code.tex
\pgfkeys@tmptoks=\toks19
))
\pgf@x=\dimen130
\pgf@y=\dimen131
\pgf@xa=\dimen132
\pgf@ya=\dimen133
\pgf@xb=\dimen134
\pgf@yb=\dimen135
\pgf@xc=\dimen136
\pgf@yc=\dimen137
\w@pgf@writea=\write3
\r@pgf@reada=\read1
\c@pgf@counta=\count108
\c@pgf@countb=\count109
\c@pgf@countc=\count110
\c@pgf@countd=\count111
\t@pgf@toka=\toks20
\t@pgf@tokb=\toks21
\t@pgf@tokc=\toks22
 (/usr/local/texlive/2018/texmf-dist/tex/generic/pgf/systemlayer/pgf.cfg
File: pgf.cfg 2008/05/14  (rcs-revision 1.7)
)
Driver file for pgf: pgfsys-pdftex.def

(/usr/local/texlive/2018/texmf-dist/tex/generic/pgf/systemlayer/pgfsys-pdftex.def
File: pgfsys-pdftex.def 2014/10/11  (rcs-revision 1.35)
 (/usr/local/texlive/2018/texmf-dist/tex/generic/pgf/systemlayer/pgfsys-common-pdf.def
File: pgfsys-common-pdf.def 2013/10/10  (rcs-revision 1.13)
))) (/usr/local/texlive/2018/texmf-dist/tex/generic/pgf/systemlayer/pgfsyssoftpath.code.tex
File: pgfsyssoftpath.code.tex 2013/09/09  (rcs-revision 1.9)
\pgfsyssoftpath@smallbuffer@items=\count112
\pgfsyssoftpath@bigbuffer@items=\count113
) (/usr/local/texlive/2018/texmf-dist/tex/generic/pgf/systemlayer/pgfsysprotocol.code.tex
File: pgfsysprotocol.code.tex 2006/10/16  (rcs-revision 1.4)
)) (/usr/local/texlive/2018/texmf-dist/tex/latex/xcolor/xcolor.sty
Package: xcolor 2016/05/11 v2.12 LaTeX color extensions (UK)
 (/usr/local/texlive/2018/texmf-dist/tex/latex/graphics-cfg/color.cfg
File: color.cfg 2016/01/02 v1.6 sample color configuration
)
Package xcolor Info: Driver file: pdftex.def on input line 225.
Package xcolor Info: Model `cmy' substituted by `cmy0' on input line 1348.
Package xcolor Info: Model `hsb' substituted by `rgb' on input line 1352.
Package xcolor Info: Model `RGB' extended on input line 1364.
Package xcolor Info: Model `HTML' substituted by `rgb' on input line 1366.
Package xcolor Info: Model `Hsb' substituted by `hsb' on input line 1367.
Package xcolor Info: Model `tHsb' substituted by `hsb' on input line 1368.
Package xcolor Info: Model `HSB' substituted by `hsb' on input line 1369.
Package xcolor Info: Model `Gray' substituted by `gray' on input line 1370.
Package xcolor Info: Model `wave' substituted by `hsb' on input line 1371.
 (/usr/local/texlive/2018/texmf-dist/tex/latex/graphics/dvipsnam.def
File: dvipsnam.def 2016/06/17 v3.0m Driver-dependent file (DPC,SPQR)
)) (/usr/local/texlive/2018/texmf-dist/tex/generic/pgf/basiclayer/pgfcore.code.tex
Package: pgfcore 2010/04/11 v3.0.1a (rcs-revision 1.7)
 (/usr/local/texlive/2018/texmf-dist/tex/generic/pgf/math/pgfmath.code.tex (/usr/local/texlive/2018/texmf-dist/tex/generic/pgf/math/pgfmathcalc.code.tex (/usr/local/texlive/2018/texmf-dist/tex/generic/pgf/math/pgfmathutil.code.tex) (/usr/local/texlive/2018/texmf-dist/tex/generic/pgf/math/pgfmathparser.code.tex
\pgfmath@dimen=\dimen138
\pgfmath@count=\count114
\pgfmath@box=\box35
\pgfmath@toks=\toks23
\pgfmath@stack@operand=\toks24
\pgfmath@stack@operation=\toks25
) (/usr/local/texlive/2018/texmf-dist/tex/generic/pgf/math/pgfmathfunctions.code.tex (/usr/local/texlive/2018/texmf-dist/tex/generic/pgf/math/pgfmathfunctions.basic.code.tex) (/usr/local/texlive/2018/texmf-dist/tex/generic/pgf/math/pgfmathfunctions.trigonometric.code.tex) (/usr/local/texlive/2018/texmf-dist/tex/generic/pgf/math/pgfmathfunctions.random.code.tex) (/usr/local/texlive/2018/texmf-dist/tex/generic/pgf/math/pgfmathfunctions.comparison.code.tex) (/usr/local/texlive/2018/texmf-dist/tex/generic/pgf/math/pgfmathfunctions.base.code.tex) (/usr/local/texlive/2018/texmf-dist/tex/generic/pgf/math/pgfmathfunctions.round.code.tex) (/usr/local/texlive/2018/texmf-dist/tex/generic/pgf/math/pgfmathfunctions.misc.code.tex) (/usr/local/texlive/2018/texmf-dist/tex/generic/pgf/math/pgfmathfunctions.integerarithmetics.code.tex))) (/usr/local/texlive/2018/texmf-dist/tex/generic/pgf/math/pgfmathfloat.code.tex
\c@pgfmathroundto@lastzeros=\count115
)) (/usr/local/texlive/2018/texmf-dist/tex/generic/pgf/basiclayer/pgfcorepoints.code.tex
File: pgfcorepoints.code.tex 2013/10/07  (rcs-revision 1.27)
\pgf@picminx=\dimen139
\pgf@picmaxx=\dimen140
\pgf@picminy=\dimen141
\pgf@picmaxy=\dimen142
\pgf@pathminx=\dimen143
\pgf@pathmaxx=\dimen144
\pgf@pathminy=\dimen145
\pgf@pathmaxy=\dimen146
\pgf@xx=\dimen147
\pgf@xy=\dimen148
\pgf@yx=\dimen149
\pgf@yy=\dimen150
\pgf@zx=\dimen151
\pgf@zy=\dimen152
)
(/usr/local/texlive/2018/texmf-dist/tex/generic/pgf/basiclayer/pgfcorepathconstruct.code.tex
File: pgfcorepathconstruct.code.tex 2013/10/07  (rcs-revision 1.29)
\pgf@path@lastx=\dimen153
\pgf@path@lasty=\dimen154
) (/usr/local/texlive/2018/texmf-dist/tex/generic/pgf/basiclayer/pgfcorepathusage.code.tex
File: pgfcorepathusage.code.tex 2014/11/02  (rcs-revision 1.24)
\pgf@shorten@end@additional=\dimen155
\pgf@shorten@start@additional=\dimen156
) (/usr/local/texlive/2018/texmf-dist/tex/generic/pgf/basiclayer/pgfcorescopes.code.tex
File: pgfcorescopes.code.tex 2015/05/08  (rcs-revision 1.46)
\pgfpic=\box36
\pgf@hbox=\box37
\pgf@layerbox@main=\box38
\pgf@picture@serial@count=\count116
) (/usr/local/texlive/2018/texmf-dist/tex/generic/pgf/basiclayer/pgfcoregraphicstate.code.tex
File: pgfcoregraphicstate.code.tex 2014/11/02  (rcs-revision 1.12)
\pgflinewidth=\dimen157
) (/usr/local/texlive/2018/texmf-dist/tex/generic/pgf/basiclayer/pgfcoretransformations.code.tex
File: pgfcoretransformations.code.tex 2015/08/07  (rcs-revision 1.20)
\pgf@pt@x=\dimen158
\pgf@pt@y=\dimen159
\pgf@pt@temp=\dimen160
) (/usr/local/texlive/2018/texmf-dist/tex/generic/pgf/basiclayer/pgfcorequick.code.tex
File: pgfcorequick.code.tex 2008/10/09  (rcs-revision 1.3)
) (/usr/local/texlive/2018/texmf-dist/tex/generic/pgf/basiclayer/pgfcoreobjects.code.tex
File: pgfcoreobjects.code.tex 2006/10/11  (rcs-revision 1.2)
) (/usr/local/texlive/2018/texmf-dist/tex/generic/pgf/basiclayer/pgfcorepathprocessing.code.tex
File: pgfcorepathprocessing.code.tex 2013/09/09  (rcs-revision 1.9)
) (/usr/local/texlive/2018/texmf-dist/tex/generic/pgf/basiclayer/pgfcorearrows.code.tex
File: pgfcorearrows.code.tex 2015/05/14  (rcs-revision 1.43)
\pgfarrowsep=\dimen161
) (/usr/local/texlive/2018/texmf-dist/tex/generic/pgf/basiclayer/pgfcoreshade.code.tex
File: pgfcoreshade.code.tex 2013/07/15  (rcs-revision 1.15)
\pgf@max=\dimen162
\pgf@sys@shading@range@num=\count117
) (/usr/local/texlive/2018/texmf-dist/tex/generic/pgf/basiclayer/pgfcoreimage.code.tex
File: pgfcoreimage.code.tex 2013/07/15  (rcs-revision 1.18)
 (/usr/local/texlive/2018/texmf-dist/tex/generic/pgf/basiclayer/pgfcoreexternal.code.tex
File: pgfcoreexternal.code.tex 2014/07/09  (rcs-revision 1.21)
\pgfexternal@startupbox=\box39
)) (/usr/local/texlive/2018/texmf-dist/tex/generic/pgf/basiclayer/pgfcorelayers.code.tex
File: pgfcorelayers.code.tex 2013/07/18  (rcs-revision 1.7)
) (/usr/local/texlive/2018/texmf-dist/tex/generic/pgf/basiclayer/pgfcoretransparency.code.tex
File: pgfcoretransparency.code.tex 2013/09/30  (rcs-revision 1.5)
) (/usr/local/texlive/2018/texmf-dist/tex/generic/pgf/basiclayer/pgfcorepatterns.code.tex
File: pgfcorepatterns.code.tex 2013/11/07  (rcs-revision 1.5)
))) (/usr/local/texlive/2018/texmf-dist/tex/latex/pgf/utilities/xxcolor.sty
Package: xxcolor 2003/10/24 ver 0.1
\XC@nummixins=\count118
\XC@countmixins=\count119
) (/usr/local/texlive/2018/texmf-dist/tex/generic/oberdiek/atbegshi.sty
Package: atbegshi 2016/06/09 v1.18 At begin shipout hook (HO)
 (/usr/local/texlive/2018/texmf-dist/tex/generic/oberdiek/infwarerr.sty
Package: infwarerr 2016/05/16 v1.4 Providing info/warning/error messages (HO)
) (/usr/local/texlive/2018/texmf-dist/tex/generic/oberdiek/ltxcmds.sty
Package: ltxcmds 2016/05/16 v1.23 LaTeX kernel commands for general use (HO)
)) (/usr/local/texlive/2018/texmf-dist/tex/latex/hyperref/hyperref.sty
Package: hyperref 2018/02/06 v6.86b Hypertext links for LaTeX
 (/usr/local/texlive/2018/texmf-dist/tex/generic/oberdiek/hobsub-hyperref.sty
Package: hobsub-hyperref 2016/05/16 v1.14 Bundle oberdiek, subset hyperref (HO)
 (/usr/local/texlive/2018/texmf-dist/tex/generic/oberdiek/hobsub-generic.sty
Package: hobsub-generic 2016/05/16 v1.14 Bundle oberdiek, subset generic (HO)
Package: hobsub 2016/05/16 v1.14 Construct package bundles (HO)
Package hobsub Info: Skipping package `infwarerr' (already loaded).
Package hobsub Info: Skipping package `ltxcmds' (already loaded).
Package: ifluatex 2016/05/16 v1.4 Provides the ifluatex switch (HO)
Package ifluatex Info: LuaTeX not detected.
Package hobsub Info: Skipping package `ifvtex' (already loaded).
Package: intcalc 2016/05/16 v1.2 Expandable calculations with integers (HO)
Package hobsub Info: Skipping package `ifpdf' (already loaded).
Package: etexcmds 2016/05/16 v1.6 Avoid name clashes with e-TeX commands (HO)
Package etexcmds Info: Could not find \expanded.
(etexcmds)             That can mean that you are not using pdfTeX 1.50 or
(etexcmds)             that some package has redefined \expanded.
(etexcmds)             In the latter case, load this package earlier.
Package: kvsetkeys 2016/05/16 v1.17 Key value parser (HO)
Package: kvdefinekeys 2016/05/16 v1.4 Define keys (HO)
Package: pdftexcmds 2018/01/30 v0.27 Utility functions of pdfTeX for LuaTeX (HO)
Package pdftexcmds Info: LuaTeX not detected.
Package pdftexcmds Info: \pdf@primitive is available.
Package pdftexcmds Info: \pdf@ifprimitive is available.
Package pdftexcmds Info: \pdfdraftmode found.
Package: pdfescape 2016/05/16 v1.14 Implements pdfTeX's escape features (HO)
Package: bigintcalc 2016/05/16 v1.4 Expandable calculations on big integers (HO)
Package: bitset 2016/05/16 v1.2 Handle bit-vector datatype (HO)
Package: uniquecounter 2016/05/16 v1.3 Provide unlimited unique counter (HO)
)
Package hobsub Info: Skipping package `hobsub' (already loaded).
Package: letltxmacro 2016/05/16 v1.5 Let assignment for LaTeX macros (HO)
Package: hopatch 2016/05/16 v1.3 Wrapper for package hooks (HO)
Package: xcolor-patch 2016/05/16 xcolor patch
Package: atveryend 2016/05/16 v1.9 Hooks at the very end of document (HO)
Package hobsub Info: Skipping package `atbegshi' (already loaded).
Package: refcount 2016/05/16 v3.5 Data extraction from label references (HO)
Package: hycolor 2016/05/16 v1.8 Color options for hyperref/bookmark (HO)
) (/usr/local/texlive/2018/texmf-dist/tex/latex/oberdiek/auxhook.sty
Package: auxhook 2016/05/16 v1.4 Hooks for auxiliary files (HO)
) (/usr/local/texlive/2018/texmf-dist/tex/latex/oberdiek/kvoptions.sty
Package: kvoptions 2016/05/16 v3.12 Key value format for package options (HO)
)
\@linkdim=\dimen163
\Hy@linkcounter=\count120
\Hy@pagecounter=\count121

(/usr/local/texlive/2018/texmf-dist/tex/latex/hyperref/pd1enc.def
File: pd1enc.def 2018/02/06 v6.86b Hyperref: PDFDocEncoding definition (HO)
Now handling font encoding PD1 ...
... no UTF-8 mapping file for font encoding PD1
)
\Hy@SavedSpaceFactor=\count122
 (/usr/local/texlive/2018/texmf-dist/tex/latex/latexconfig/hyperref.cfg
File: hyperref.cfg 2002/06/06 v1.2 hyperref configuration of TeXLive
)
Package hyperref Info: Option `bookmarks' set `true' on input line 4383.
Package hyperref Info: Option `bookmarksopen' set `true' on input line 4383.
Package hyperref Info: Option `implicit' set `false' on input line 4383.
Package hyperref Info: Hyper figures OFF on input line 4509.
Package hyperref Info: Link nesting OFF on input line 4514.
Package hyperref Info: Hyper index ON on input line 4517.
Package hyperref Info: Plain pages OFF on input line 4524.
Package hyperref Info: Backreferencing OFF on input line 4529.
Package hyperref Info: Implicit mode OFF; no redefinition of LaTeX internals.
Package hyperref Info: Bookmarks ON on input line 4762.
\c@Hy@tempcnt=\count123
 (/usr/local/texlive/2018/texmf-dist/tex/latex/url/url.sty
\Urlmuskip=\muskip10
Package: url 2013/09/16  ver 3.4  Verb mode for urls, etc.
)
LaTeX Info: Redefining \url on input line 5115.
\XeTeXLinkMargin=\dimen164
\Fld@menulength=\count124
\Field@Width=\dimen165
\Fld@charsize=\dimen166
Package hyperref Info: Hyper figures OFF on input line 6369.
Package hyperref Info: Link nesting OFF on input line 6374.
Package hyperref Info: Hyper index ON on input line 6377.
Package hyperref Info: backreferencing OFF on input line 6384.
Package hyperref Info: Link coloring OFF on input line 6389.
Package hyperref Info: Link coloring with OCG OFF on input line 6394.
Package hyperref Info: PDF/A mode OFF on input line 6399.
LaTeX Info: Redefining \ref on input line 6439.
LaTeX Info: Redefining \pageref on input line 6443.
\Hy@abspage=\count125


Package hyperref Message: Stopped early.

)
Package hyperref Info: Driver (autodetected): hpdftex.
 (/usr/local/texlive/2018/texmf-dist/tex/latex/hyperref/hpdftex.def
File: hpdftex.def 2018/02/06 v6.86b Hyperref driver for pdfTeX
\Fld@listcount=\count126
\c@bookmark@seq@number=\count127
 (/usr/local/texlive/2018/texmf-dist/tex/latex/oberdiek/rerunfilecheck.sty
Package: rerunfilecheck 2016/05/16 v1.8 Rerun checks for auxiliary files (HO)
Package uniquecounter Info: New unique counter `rerunfilecheck' on input line 282.
)) (/usr/local/texlive/2018/texmf-dist/tex/latex/beamer/beamerbaserequires.sty (/usr/local/texlive/2018/texmf-dist/tex/latex/beamer/beamerbasecompatibility.sty) (/usr/local/texlive/2018/texmf-dist/tex/latex/beamer/beamerbasefont.sty (/usr/local/texlive/2018/texmf-dist/tex/latex/amsfonts/amssymb.sty
Package: amssymb 2013/01/14 v3.01 AMS font symbols
 (/usr/local/texlive/2018/texmf-dist/tex/latex/amsfonts/amsfonts.sty
Package: amsfonts 2013/01/14 v3.01 Basic AMSFonts support
\@emptytoks=\toks26
\symAMSa=\mathgroup4
\symAMSb=\mathgroup5
LaTeX Font Info:    Overwriting math alphabet `\mathfrak' in version `bold'
(Font)                  U/euf/m/n --> U/euf/b/n on input line 106.
)) (/usr/local/texlive/2018/texmf-dist/tex/latex/sansmathaccent/sansmathaccent.sty
Package: sansmathaccent 2013/03/28
 (/usr/local/texlive/2018/texmf-dist/tex/latex/filehook/filehook.sty
Package: filehook 2011/10/12 v0.5d Hooks for input files
))) (/usr/local/texlive/2018/texmf-dist/tex/latex/beamer/beamerbasetranslator.sty (/usr/local/texlive/2018/texmf-dist/tex/latex/translator/translator.sty
Package: translator 2018/01/04 v1.12 Easy translation of strings in LaTeX
)) (/usr/local/texlive/2018/texmf-dist/tex/latex/beamer/beamerbasemisc.sty) (/usr/local/texlive/2018/texmf-dist/tex/latex/beamer/beamerbasetwoscreens.sty) (/usr/local/texlive/2018/texmf-dist/tex/latex/beamer/beamerbaseoverlay.sty
\beamer@argscount=\count128
\beamer@lastskipcover=\skip44
\beamer@trivlistdepth=\count129
) (/usr/local/texlive/2018/texmf-dist/tex/latex/beamer/beamerbasetitle.sty) (/usr/local/texlive/2018/texmf-dist/tex/latex/beamer/beamerbasesection.sty
\c@lecture=\count130
\c@part=\count131
\c@section=\count132
\c@subsection=\count133
\c@subsubsection=\count134
) (/usr/local/texlive/2018/texmf-dist/tex/latex/beamer/beamerbaseframe.sty
\beamer@framebox=\box40
\beamer@frametitlebox=\box41
\beamer@zoombox=\box42
\beamer@zoomcount=\count135
\beamer@zoomframecount=\count136
\beamer@frametextheight=\dimen167
\c@subsectionslide=\count137
\beamer@frametopskip=\skip45
\beamer@framebottomskip=\skip46
\beamer@frametopskipautobreak=\skip47
\beamer@framebottomskipautobreak=\skip48
\beamer@envbody=\toks27
\framewidth=\dimen168
\c@framenumber=\count138
) (/usr/local/texlive/2018/texmf-dist/tex/latex/beamer/beamerbaseverbatim.sty
\beamer@verbatimfileout=\write4
) (/usr/local/texlive/2018/texmf-dist/tex/latex/beamer/beamerbaseframesize.sty
\beamer@splitbox=\box43
\beamer@autobreakcount=\count139
\beamer@autobreaklastheight=\dimen169
\beamer@frametitletoks=\toks28
\beamer@framesubtitletoks=\toks29
) (/usr/local/texlive/2018/texmf-dist/tex/latex/beamer/beamerbaseframecomponents.sty
\beamer@footins=\box44
) (/usr/local/texlive/2018/texmf-dist/tex/latex/beamer/beamerbasecolor.sty
\beamer@bg@ht=\dimen170
\beamer@bg@wd=\dimen171
\beamer@bg@dp=\dimen172
) (/usr/local/texlive/2018/texmf-dist/tex/latex/beamer/beamerbasenotes.sty
\beamer@frameboxcopy=\box45
) (/usr/local/texlive/2018/texmf-dist/tex/latex/beamer/beamerbasetoc.sty) (/usr/local/texlive/2018/texmf-dist/tex/latex/beamer/beamerbasetemplates.sty
\beamer@sbttoks=\toks30
 (/usr/local/texlive/2018/texmf-dist/tex/latex/beamer/beamerbaseauxtemplates.sty (/usr/local/texlive/2018/texmf-dist/tex/latex/beamer/beamerbaseboxes.sty
\bmb@box=\box46
\bmb@colorbox=\box47
\bmb@boxshadow=\box48
\bmb@boxshadowball=\box49
\bmb@boxshadowballlarge=\box50
\bmb@temp=\dimen173
\bmb@dima=\dimen174
\bmb@dimb=\dimen175
\bmb@prevheight=\dimen176
)
\beamer@blockheadheight=\dimen177
))
(/usr/local/texlive/2018/texmf-dist/tex/latex/beamer/beamerbaselocalstructure.sty (/usr/local/texlive/2018/texmf-dist/tex/latex/tools/enumerate.sty
Package: enumerate 2015/07/23 v3.00 enumerate extensions (DPC)
\@enLab=\toks31
)
\c@figure=\count140
\c@table=\count141
\abovecaptionskip=\skip49
\belowcaptionskip=\skip50
) (/usr/local/texlive/2018/texmf-dist/tex/latex/beamer/beamerbasenavigation.sty
\beamer@section@min@dim=\dimen178
) (/usr/local/texlive/2018/texmf-dist/tex/latex/beamer/beamerbasetheorems.sty (/usr/local/texlive/2018/texmf-dist/tex/latex/amsmath/amsmath.sty
Package: amsmath 2017/09/02 v2.17a AMS math features
\@mathmargin=\skip51

For additional information on amsmath, use the `?' option.
(/usr/local/texlive/2018/texmf-dist/tex/latex/amsmath/amstext.sty
Package: amstext 2000/06/29 v2.01 AMS text
 (/usr/local/texlive/2018/texmf-dist/tex/latex/amsmath/amsgen.sty
File: amsgen.sty 1999/11/30 v2.0 generic functions
\@emptytoks=\toks32
\ex@=\dimen179
)) (/usr/local/texlive/2018/texmf-dist/tex/latex/amsmath/amsbsy.sty
Package: amsbsy 1999/11/29 v1.2d Bold Symbols
\pmbraise@=\dimen180
) (/usr/local/texlive/2018/texmf-dist/tex/latex/amsmath/amsopn.sty
Package: amsopn 2016/03/08 v2.02 operator names
)
\inf@bad=\count142
LaTeX Info: Redefining \frac on input line 213.
\uproot@=\count143
\leftroot@=\count144
LaTeX Info: Redefining \overline on input line 375.
\classnum@=\count145
\DOTSCASE@=\count146
LaTeX Info: Redefining \ldots on input line 472.
LaTeX Info: Redefining \dots on input line 475.
LaTeX Info: Redefining \cdots on input line 596.
\Mathstrutbox@=\box51
\strutbox@=\box52
\big@size=\dimen181
LaTeX Font Info:    Redeclaring font encoding OML on input line 712.
LaTeX Font Info:    Redeclaring font encoding OMS on input line 713.
\macc@depth=\count147
\c@MaxMatrixCols=\count148
\dotsspace@=\muskip11
\c@parentequation=\count149
\dspbrk@lvl=\count150
\tag@help=\toks33
\row@=\count151
\column@=\count152
\maxfields@=\count153
\andhelp@=\toks34
\eqnshift@=\dimen182
\alignsep@=\dimen183
\tagshift@=\dimen184
\tagwidth@=\dimen185
\totwidth@=\dimen186
\lineht@=\dimen187
\@envbody=\toks35
\multlinegap=\skip52
\multlinetaggap=\skip53
\mathdisplay@stack=\toks36
LaTeX Info: Redefining \[ on input line 2817.
LaTeX Info: Redefining \] on input line 2818.
) (/usr/local/texlive/2018/texmf-dist/tex/latex/amscls/amsthm.sty
Package: amsthm 2017/10/31 v2.20.4
\thm@style=\toks37
\thm@bodyfont=\toks38
\thm@headfont=\toks39
\thm@notefont=\toks40
\thm@headpunct=\toks41
\thm@preskip=\skip54
\thm@postskip=\skip55
\thm@headsep=\skip56
\dth@everypar=\toks42
)
\c@theorem=\count154
) (/usr/local/texlive/2018/texmf-dist/tex/latex/beamer/beamerbasethemes.sty)) (/usr/local/texlive/2018/texmf-dist/tex/latex/beamer/beamerthemedefault.sty (/usr/local/texlive/2018/texmf-dist/tex/latex/beamer/beamerfontthemedefault.sty) (/usr/local/texlive/2018/texmf-dist/tex/latex/beamer/beamercolorthemedefault.sty) (/usr/local/texlive/2018/texmf-dist/tex/latex/beamer/beamerinnerthemedefault.sty
\beamer@dima=\dimen188
\beamer@dimb=\dimen189
) (/usr/local/texlive/2018/texmf-dist/tex/latex/beamer/beamerouterthemedefault.sty))) (/usr/local/texlive/2018/texmf-dist/tex/latex/beamertheme-metropolis/beamerthememetropolis.sty
Package: beamerthememetropolis 2017/01/23 v1.2 Metropolis Beamer theme
 (/usr/local/texlive/2018/texmf-dist/tex/latex/pgfopts/pgfopts.sty
Package: pgfopts 2014/07/10 v2.1a LaTeX package options with pgfkeys
 (/usr/local/texlive/2018/texmf-dist/tex/latex/pgf/utilities/pgfkeys.sty (/usr/local/texlive/2018/texmf-dist/tex/generic/pgf/utilities/pgfkeys.code.tex))
\pgfopts@list@add@a@toks=\toks43
\pgfopts@list@add@b@toks=\toks44
) (/usr/local/texlive/2018/texmf-dist/tex/latex/beamertheme-metropolis/beamerinnerthememetropolis.sty
Package: beamerinnerthememetropolis 2017/01/23 Metropolis inner theme
 (/usr/local/texlive/2018/texmf-dist/tex/latex/tools/calc.sty
Package: calc 2017/05/25 v4.3 Infix arithmetic (KKT,FJ)
\calc@Acount=\count155
\calc@Bcount=\count156
\calc@Adimen=\dimen190
\calc@Bdimen=\dimen191
\calc@Askip=\skip57
\calc@Bskip=\skip58
LaTeX Info: Redefining \setlength on input line 80.
LaTeX Info: Redefining \addtolength on input line 81.
\calc@Ccount=\count157
\calc@Cskip=\skip59
) (/usr/local/texlive/2018/texmf-dist/tex/latex/pgf/frontendlayer/tikz.sty (/usr/local/texlive/2018/texmf-dist/tex/latex/pgf/basiclayer/pgf.sty
Package: pgf 2015/08/07 v3.0.1a (rcs-revision 1.15)
 (/usr/local/texlive/2018/texmf-dist/tex/generic/pgf/modules/pgfmoduleshapes.code.tex
File: pgfmoduleshapes.code.tex 2014/03/21  (rcs-revision 1.35)
\pgfnodeparttextbox=\box53
) (/usr/local/texlive/2018/texmf-dist/tex/generic/pgf/modules/pgfmoduleplot.code.tex
File: pgfmoduleplot.code.tex 2015/08/03  (rcs-revision 1.13)
) (/usr/local/texlive/2018/texmf-dist/tex/latex/pgf/compatibility/pgfcomp-version-0-65.sty
Package: pgfcomp-version-0-65 2007/07/03 v3.0.1a (rcs-revision 1.7)
\pgf@nodesepstart=\dimen192
\pgf@nodesepend=\dimen193
) (/usr/local/texlive/2018/texmf-dist/tex/latex/pgf/compatibility/pgfcomp-version-1-18.sty
Package: pgfcomp-version-1-18 2007/07/23 v3.0.1a (rcs-revision 1.1)
)) (/usr/local/texlive/2018/texmf-dist/tex/latex/pgf/utilities/pgffor.sty (/usr/local/texlive/2018/texmf-dist/tex/latex/pgf/math/pgfmath.sty (/usr/local/texlive/2018/texmf-dist/tex/generic/pgf/math/pgfmath.code.tex))
(/usr/local/texlive/2018/texmf-dist/tex/generic/pgf/utilities/pgffor.code.tex
Package: pgffor 2013/12/13 v3.0.1a (rcs-revision 1.25)
 (/usr/local/texlive/2018/texmf-dist/tex/generic/pgf/math/pgfmath.code.tex)
\pgffor@iter=\dimen194
\pgffor@skip=\dimen195
\pgffor@stack=\toks45
\pgffor@toks=\toks46
)) (/usr/local/texlive/2018/texmf-dist/tex/generic/pgf/frontendlayer/tikz/tikz.code.tex
Package: tikz 2015/08/07 v3.0.1a (rcs-revision 1.151)
 (/usr/local/texlive/2018/texmf-dist/tex/generic/pgf/libraries/pgflibraryplothandlers.code.tex
File: pgflibraryplothandlers.code.tex 2013/08/31 v3.0.1a (rcs-revision 1.20)
\pgf@plot@mark@count=\count158
\pgfplotmarksize=\dimen196
)
\tikz@lastx=\dimen197
\tikz@lasty=\dimen198
\tikz@lastxsaved=\dimen199
\tikz@lastysaved=\dimen256
\tikzleveldistance=\dimen257
\tikzsiblingdistance=\dimen258
\tikz@figbox=\box54
\tikz@figbox@bg=\box55
\tikz@tempbox=\box56
\tikz@tempbox@bg=\box57
\tikztreelevel=\count159
\tikznumberofchildren=\count160
\tikznumberofcurrentchild=\count161
\tikz@fig@count=\count162
 (/usr/local/texlive/2018/texmf-dist/tex/generic/pgf/modules/pgfmodulematrix.code.tex
File: pgfmodulematrix.code.tex 2013/09/17  (rcs-revision 1.8)
\pgfmatrixcurrentrow=\count163
\pgfmatrixcurrentcolumn=\count164
\pgf@matrix@numberofcolumns=\count165
)
\tikz@expandcount=\count166
 (/usr/local/texlive/2018/texmf-dist/tex/generic/pgf/frontendlayer/tikz/libraries/tikzlibrarytopaths.code.tex
File: tikzlibrarytopaths.code.tex 2008/06/17 v3.0.1a (rcs-revision 1.2)
)))
\metropolis@titleseparator@linewidth=\skip60
\metropolis@progressonsectionpage=\skip61
\metropolis@progressonsectionpage@linewidth=\skip62
\metropolis@blocksep=\skip63
\metropolis@blockadjust=\skip64
\metropolis@parskip=\skip65
) (/usr/local/texlive/2018/texmf-dist/tex/latex/beamertheme-metropolis/beamerouterthememetropolis.sty
Package: beamerouterthememetropolis 2017/01/23 Metropolis outer theme
\metropolis@frametitle@padding=\skip66
\metropolis@progressinheadfoot=\skip67
\metropolis@progressinheadfoot@linewidth=\skip68
) (/usr/local/texlive/2018/texmf-dist/tex/latex/beamertheme-metropolis/beamercolorthememetropolis.sty
Package: beamercolorthememetropolis 2017/01/23 Metropolis color theme
) (/usr/local/texlive/2018/texmf-dist/tex/latex/beamertheme-metropolis/beamerfontthememetropolis.sty
Package: beamerfontthememetropolis 2017/01/23 Metropolis font theme


Package beamerthememetropolis Warning: You need to compile with XeLaTeX or LuaLaTeX to use the Fira fonts on input line 95.

)) (/usr/local/texlive/2018/texmf-dist/tex/latex/appendixnumberbeamer/appendixnumberbeamer.sty) (/usr/local/texlive/2018/texmf-dist/tex/latex/booktabs/booktabs.sty
Package: booktabs 2016/04/27 v1.618033 publication quality tables
\heavyrulewidth=\dimen259
\lightrulewidth=\dimen260
\cmidrulewidth=\dimen261
\belowrulesep=\dimen262
\belowbottomsep=\dimen263
\aboverulesep=\dimen264
\abovetopsep=\dimen265
\cmidrulesep=\dimen266
\cmidrulekern=\dimen267
\defaultaddspace=\dimen268
\@cmidla=\count167
\@cmidlb=\count168
\@aboverulesep=\dimen269
\@belowrulesep=\dimen270
\@thisruleclass=\count169
\@lastruleclass=\count170
\@thisrulewidth=\dimen271
) (/usr/local/texlive/2018/texmf-dist/tex/latex/ccicons/ccicons.sty
Package: ccicons 2017/10/30 v1.6 LaTeX support for Creative Commons icons
 (/usr/local/texlive/2018/texmf-dist/tex/latex/xkeyval/xkeyval.sty
Package: xkeyval 2014/12/03 v2.7a package option processing (HA)
 (/usr/local/texlive/2018/texmf-dist/tex/generic/xkeyval/xkeyval.tex (/usr/local/texlive/2018/texmf-dist/tex/generic/xkeyval/xkvutils.tex
\XKV@toks=\toks47
\XKV@tempa@toks=\toks48
)
\XKV@depth=\count171
File: xkeyval.tex 2014/12/03 v2.7a key=value parser (HA)
))) (/usr/local/texlive/2018/texmf-dist/tex/latex/tools/multicol.sty
Package: multicol 2018/04/01 v1.8r multicolumn formatting (FMi)
\c@tracingmulticols=\count172
\mult@box=\box58
\multicol@leftmargin=\dimen272
\c@unbalance=\count173
\c@collectmore=\count174
\doublecol@number=\count175
\multicoltolerance=\count176
\multicolpretolerance=\count177
\full@width=\dimen273
\page@free=\dimen274
\premulticols=\dimen275
\postmulticols=\dimen276
\multicolsep=\skip69
\multicolbaselineskip=\skip70
\partial@page=\box59
\last@line=\box60
\maxbalancingoverflow=\dimen277
\mult@rightbox=\box61
\mult@grightbox=\box62
\mult@gfirstbox=\box63
\mult@firstbox=\box64
\@tempa=\box65
\@tempa=\box66
\@tempa=\box67
\@tempa=\box68
\@tempa=\box69
\@tempa=\box70
\@tempa=\box71
\@tempa=\box72
\@tempa=\box73
\@tempa=\box74
\@tempa=\box75
\@tempa=\box76
\@tempa=\box77
\@tempa=\box78
\@tempa=\box79
\@tempa=\box80
\@tempa=\box81
\c@columnbadness=\count178
\c@finalcolumnbadness=\count179
\last@try=\dimen278
\multicolovershoot=\dimen279
\multicolundershoot=\dimen280
\mult@nat@firstbox=\box82
\colbreak@box=\box83
\mc@col@check@num=\count180
) (/usr/local/texlive/2018/texmf-dist/tex/latex/pgfplots/pgfplots.sty (/usr/local/texlive/2018/texmf-dist/tex/generic/pgfplots/pgfplots.revision.tex)
Package: pgfplots 2018/03/28 v1.16 Data Visualization (1.16)
 (/usr/local/texlive/2018/texmf-dist/tex/generic/pgfplots/pgfplots.code.tex (/usr/local/texlive/2018/texmf-dist/tex/generic/pgfplots/pgfplotscore.code.tex
\t@pgfplots@toka=\toks49
\t@pgfplots@tokb=\toks50
\t@pgfplots@tokc=\toks51
\pgfplots@tmpa=\dimen281
\c@pgfplots@coordindex=\count181
\c@pgfplots@scanlineindex=\count182
 (/usr/local/texlive/2018/texmf-dist/tex/generic/pgfplots/sys/pgfplotssysgeneric.code.tex)) (/usr/local/texlive/2018/texmf-dist/tex/generic/pgfplots/libs/pgfplotslibrary.code.tex) (/usr/local/texlive/2018/texmf-dist/tex/generic/pgfplots/oldpgfcompatib/pgfplotsoldpgfsupp_loader.code.tex (/usr/local/texlive/2018/texmf-dist/tex/generic/pgf/libraries/pgflibraryfpu.code.tex)
Package pgfplots: loading complementary arithmetics for your pgf version...
(/usr/local/texlive/2018/texmf-dist/tex/generic/pgfplots/oldpgfcompatib/pgfplotsoldpgfsupp_pgflibraryfpu.code.tex) (/usr/local/texlive/2018/texmf-dist/tex/generic/pgfplots/oldpgfcompatib/pgfplotsoldpgfsupp_pgfmathfloat.code.tex
\c@pgfmathroundto@lastzeros=\count183
) (/usr/local/texlive/2018/texmf-dist/tex/generic/pgfplots/oldpgfcompatib/pgfplotsoldpgfsupp_leq.code.tex)) (/usr/local/texlive/2018/texmf-dist/tex/generic/pgfplots/util/pgfplotsutil.code.tex (/usr/local/texlive/2018/texmf-dist/tex/generic/pgfplots/liststructure/pgfplotsliststructure.code.tex) (/usr/local/texlive/2018/texmf-dist/tex/generic/pgfplots/liststructure/pgfplotsliststructureext.code.tex) (/usr/local/texlive/2018/texmf-dist/tex/generic/pgfplots/liststructure/pgfplotsarray.code.tex
\c@pgfplotsarray@tmp=\count184
) (/usr/local/texlive/2018/texmf-dist/tex/generic/pgfplots/liststructure/pgfplotsmatrix.code.tex) (/usr/local/texlive/2018/texmf-dist/tex/generic/pgfplots/numtable/pgfplotstableshared.code.tex
\c@pgfplotstable@counta=\count185
\t@pgfplotstable@a=\toks52
) (/usr/local/texlive/2018/texmf-dist/tex/generic/pgfplots/liststructure/pgfplotsdeque.code.tex) (/usr/local/texlive/2018/texmf-dist/tex/generic/pgfplots/util/pgfplotsbinary.code.tex (/usr/local/texlive/2018/texmf-dist/tex/generic/pgfplots/util/pgfplotsbinary.data.code.tex)) (/usr/local/texlive/2018/texmf-dist/tex/generic/pgfplots/util/pgfplotsutil.verb.code.tex) (/usr/local/texlive/2018/texmf-dist/tex/generic/pgfplots/libs/pgflibrarypgfplots.surfshading.code.tex
\c@pgfplotslibrarysurf@no=\count186
 (/usr/local/texlive/2018/texmf-dist/tex/generic/pgfplots/sys/pgflibrarypgfplots.surfshading.pgfsys-pdftex.def))) (/usr/local/texlive/2018/texmf-dist/tex/generic/pgfplots/util/pgfplotscolormap.code.tex (/usr/local/texlive/2018/texmf-dist/tex/generic/pgfplots/util/pgfplotscolor.code.tex)) (/usr/local/texlive/2018/texmf-dist/tex/generic/pgfplots/pgfplotsstackedplots.code.tex) (/usr/local/texlive/2018/texmf-dist/tex/generic/pgfplots/pgfplotsplothandlers.code.tex (/usr/local/texlive/2018/texmf-dist/tex/generic/pgfplots/pgfplotsmeshplothandler.code.tex
(/usr/local/texlive/2018/texmf-dist/tex/generic/pgfplots/pgfplotsmeshplotimage.code.tex))) (/usr/local/texlive/2018/texmf-dist/tex/generic/pgfplots/pgfplots.scaling.code.tex) (/usr/local/texlive/2018/texmf-dist/tex/generic/pgfplots/pgfplotscoordprocessing.code.tex) (/usr/local/texlive/2018/texmf-dist/tex/generic/pgfplots/pgfplots.errorbars.code.tex) (/usr/local/texlive/2018/texmf-dist/tex/generic/pgfplots/pgfplots.markers.code.tex) (/usr/local/texlive/2018/texmf-dist/tex/generic/pgfplots/pgfplotsticks.code.tex) (/usr/local/texlive/2018/texmf-dist/tex/generic/pgfplots/pgfplots.paths.code.tex) (/usr/local/texlive/2018/texmf-dist/tex/generic/pgf/frontendlayer/tikz/libraries/tikzlibrarydecorations.code.tex (/usr/local/texlive/2018/texmf-dist/tex/generic/pgf/modules/pgfmoduledecorations.code.tex
\pgfdecoratedcompleteddistance=\dimen282
\pgfdecoratedremainingdistance=\dimen283
\pgfdecoratedinputsegmentcompleteddistance=\dimen284
\pgfdecoratedinputsegmentremainingdistance=\dimen285
\pgf@decorate@distancetomove=\dimen286
\pgf@decorate@repeatstate=\count187
\pgfdecorationsegmentamplitude=\dimen287
\pgfdecorationsegmentlength=\dimen288
)
\tikz@lib@dec@box=\box84
) (/usr/local/texlive/2018/texmf-dist/tex/generic/pgf/frontendlayer/tikz/libraries/tikzlibrarydecorations.pathmorphing.code.tex (/usr/local/texlive/2018/texmf-dist/tex/generic/pgf/libraries/decorations/pgflibrarydecorations.pathmorphing.code.tex)) (/usr/local/texlive/2018/texmf-dist/tex/generic/pgf/frontendlayer/tikz/libraries/tikzlibrarydecorations.pathreplacing.code.tex (/usr/local/texlive/2018/texmf-dist/tex/generic/pgf/libraries/decorations/pgflibrarydecorations.pathreplacing.code.tex))
\pgfplots@numplots=\count188
\pgfplots@xmin@reg=\dimen289
\pgfplots@xmax@reg=\dimen290
\pgfplots@ymin@reg=\dimen291
\pgfplots@ymax@reg=\dimen292
\pgfplots@zmin@reg=\dimen293
\pgfplots@zmax@reg=\dimen294
) (/usr/local/texlive/2018/texmf-dist/tex/generic/pgf/frontendlayer/tikz/libraries/tikzlibraryplotmarks.code.tex
File: tikzlibraryplotmarks.code.tex 2008/01/09 v3.0.1a (rcs-revision 1.1)
 (/usr/local/texlive/2018/texmf-dist/tex/generic/pgf/libraries/pgflibraryplotmarks.code.tex
File: pgflibraryplotmarks.code.tex 2015/08/03 v3.0.1a (rcs-revision 1.14)
))) (/usr/local/texlive/2018/texmf-dist/tex/generic/pgfplots/libs/tikzlibrarypgfplots.dateplot.code.tex (/usr/local/texlive/2018/texmf-dist/tex/latex/pgf/utilities/pgfcalendar.sty (/usr/local/texlive/2018/texmf-dist/tex/generic/pgf/utilities/pgfcalendar.code.tex
File: pgfcalendar.code.tex 2007/07/23 v3.0.1a (rcs-revision 1.11)
\pgfcalendarcurrentjulian=\count189
))) (/usr/local/texlive/2018/texmf-dist/tex/latex/tools/xspace.sty
Package: xspace 2014/10/28 v1.13 Space after command names (DPC,MH)
) (/usr/local/texlive/2018/texmf-dist/tex/latex/mwe/mwe.sty
Package: mwe 2018/03/30 v0.5 Package to support minimal working examples (MWE)
 (/usr/local/texlive/2018/texmf-dist/tex/latex/lipsum/lipsum.sty
Package: lipsum 2014/07/27 v1.3 150 paragraphs of Lorem Ipsum dummy text
\c@lips@count=\count190
)
(/usr/local/texlive/2018/texmf-dist/tex/latex/blindtext/blindtext.sty
Package: blindtext 2012/01/06 V2.0 blindtext-Package
\c@blindtext=\count191
\c@Blindtext=\count192
\c@blind@countparstart=\count193
\blind@countxx=\count194
\blindtext@numBlindtext=\count195
\blind@countyy=\count196
\c@blindlist=\count197
\c@blindlistlevel=\count198
\c@blindlist@level=\count199
\blind@listitem=\count266
\c@blind@listcount=\count267
\c@blind@levelcount=\count268
\blind@mathformula=\count269
\blind@Mathformula=\count270
\c@blind@randomcount=\count271
\c@blind@randommax=\count272
\c@blind@pangramcount=\count273
\c@blind@pangrammax=\count274
)) (/usr/local/texlive/2018/texmf-dist/tex/latex/adjustbox/adjustbox.sty
Package: adjustbox 2018/04/08 v1.1 Adjusting TeX boxes (trim, clip, ...)
 (/usr/local/texlive/2018/texmf-dist/tex/latex/adjustbox/adjcalc.sty
Package: adjcalc 2012/05/16 v1.1 Provides advanced setlength with multiple back-ends (calc, etex, pgfmath)
) (/usr/local/texlive/2018/texmf-dist/tex/latex/adjustbox/trimclip.sty
Package: trimclip 2018/04/08 v1.1 Trim and clip general TeX material
 (/usr/local/texlive/2018/texmf-dist/tex/latex/collectbox/collectbox.sty
Package: collectbox 2012/05/17 v0.4b Collect macro arguments as boxes
\collectedbox=\box85
)
\tc@llx=\dimen295
\tc@lly=\dimen296
\tc@urx=\dimen297
\tc@ury=\dimen298
Package trimclip Info: Using driver 'tc-pdftex.def'.
 (/usr/local/texlive/2018/texmf-dist/tex/latex/adjustbox/tc-pdftex.def
File: tc-pdftex.def 2018/04/08 v2.1 Clipping driver for pdftex
))
\adjbox@Width=\dimen299
\adjbox@Height=\dimen300
\adjbox@Depth=\dimen301
\adjbox@Totalheight=\dimen302
\adjbox@pwidth=\dimen303
\adjbox@pheight=\dimen304
\adjbox@pdepth=\dimen305
\adjbox@ptotalheight=\dimen306
 (/usr/local/texlive/2018/texmf-dist/tex/latex/ifoddpage/ifoddpage.sty
Package: ifoddpage 2016/04/23 v1.1 Conditionals for odd/even page detection
\c@checkoddpage=\count275
) (/usr/local/texlive/2018/texmf-dist/tex/latex/varwidth/varwidth.sty
Package: varwidth 2009/03/30 ver 0.92;  Variable-width minipages
\@vwid@box=\box86
\sift@deathcycles=\count276
\@vwid@loff=\dimen307
\@vwid@roff=\dimen308
)) (/usr/local/texlive/2018/texmf-dist/tex/latex/caption/caption.sty
Package: caption 2016/02/21 v3.3-144 Customizing captions (AR)
 (/usr/local/texlive/2018/texmf-dist/tex/latex/caption/caption3.sty
Package: caption3 2016/05/22 v1.7-166 caption3 kernel (AR)
Package caption3 Info: TeX engine: e-TeX on input line 67.
\captionmargin=\dimen309
\captionmargin@=\dimen310
\captionwidth=\dimen311
\caption@tempdima=\dimen312
\caption@indent=\dimen313
\caption@parindent=\dimen314
\caption@hangindent=\dimen315
)
\c@ContinuedFloat=\count277
Package caption Info: beamer document class.
Package caption Info: hyperref package is loaded.
Package caption Info: Hyperref support is turned off
(caption)             because hyperref has stopped early.
) (/usr/local/texlive/2018/texmf-dist/tex/latex/caption/subcaption.sty
Package: subcaption 2016/05/22 v1.1-161 Sub-captions (AR)
\c@subfigure=\count278
\c@subtable=\count279
) (/usr/local/texlive/2018/texmf-dist/tex/latex/algorithms/algorithm.sty
Package: algorithm 2009/08/24 v0.1 Document Style `algorithm' - floating environment
 (/usr/local/texlive/2018/texmf-dist/tex/latex/float/float.sty
Package: float 2001/11/08 v1.3d Float enhancements (AL)
\c@float@type=\count280
\float@exts=\toks53
\float@box=\box87
\@float@everytoks=\toks54
\@floatcapt=\box88
) (/usr/local/texlive/2018/texmf-dist/tex/latex/base/ifthen.sty
Package: ifthen 2014/09/29 v1.1c Standard LaTeX ifthen package (DPC)
)
\@float@every@algorithm=\toks55
\c@algorithm=\count281
) (/usr/local/texlive/2018/texmf-dist/tex/latex/overpic/overpic.sty
Package: overpic 2017/10/06 1.0 picture overlays
 (/usr/local/texlive/2018/texmf-dist/tex/latex/eepic/epic.sty
Enhancements to Picture Environment. Version 1.2 - Released June 1, 1986
\@@multicnt=\count282
\d@lta=\count283
\@delta=\dimen316
\@@delta=\dimen317
\@gridcnt=\count284
\@joinkind=\count285
\@dotgap=\dimen318
\@ddotgap=\dimen319
\@x@diff=\count286
\@y@diff=\count287
\x@diff=\dimen320
\y@diff=\dimen321
\@dotbox=\box89
\num@segments=\count288
\num@segmentsi=\count289
\@datafile=\read2
)) (/usr/local/texlive/2018/texmf-dist/tex/latex/textpos/textpos.sty
Package: textpos 2016/06/07 v1.8

Package: textpos 2016/06/07 1.8, absolute positioning of text on the page
\TP@textbox=\box90
\TPHorizModule=\dimen322
\TPVertModule=\dimen323
\TP@margin=\dimen324
\TP@absmargin=\dimen325
Grid set 16 x 16 = 22.7622pt x 17.07166pt
\TPboxrulesize=\dimen326
\TP@tbargs=\toks56
\TP@prevdepth=\dimen327
)
\c@proposition=\count290
\c@question=\count291
\c@remark=\count292
 (/usr/local/texlive/2018/texmf-dist/tex/latex/beamertheme-metropolis/pgfplotsthemetol.sty
Package: pgfplotsthemetol 2017/01/23 PGFplots colors based on Paul Tol's SRON technical note
) (./main.aux

LaTeX Warning: Label `fig:florentineFamilies' multiply defined.


LaTeX Warning: Label `eq:updateRule' multiply defined.

)
\openout1 = `main.aux'.

LaTeX Font Info:    Checking defaults for OML/cmm/m/it on input line 74.
LaTeX Font Info:    ... okay on input line 74.
LaTeX Font Info:    Checking defaults for T1/cmr/m/n on input line 74.
LaTeX Font Info:    ... okay on input line 74.
LaTeX Font Info:    Checking defaults for OT1/cmr/m/n on input line 74.
LaTeX Font Info:    ... okay on input line 74.
LaTeX Font Info:    Checking defaults for OMS/cmsy/m/n on input line 74.
LaTeX Font Info:    ... okay on input line 74.
LaTeX Font Info:    Checking defaults for OMX/cmex/m/n on input line 74.
LaTeX Font Info:    ... okay on input line 74.
LaTeX Font Info:    Checking defaults for U/cmr/m/n on input line 74.
LaTeX Font Info:    ... okay on input line 74.
LaTeX Font Info:    Checking defaults for PD1/pdf/m/n on input line 74.
LaTeX Font Info:    ... okay on input line 74.

*geometry* driver: auto-detecting
*geometry* detected driver: pdftex
*geometry* verbose mode - [ preamble ] result:
* driver: pdftex
* paper: custom
* layout: <same size as paper>
* layoutoffset:(h,v)=(0.0pt,0.0pt)
* modes: includehead includefoot 
* h-part:(L,W,R)=(28.45274pt, 307.28987pt, 28.45274pt)
* v-part:(T,H,B)=(0.0pt, 273.14662pt, 0.0pt)
* \paperwidth=364.19536pt
* \paperheight=273.14662pt
* \textwidth=307.28987pt
* \textheight=244.6939pt
* \oddsidemargin=-43.81725pt
* \evensidemargin=-43.81725pt
* \topmargin=-72.26999pt
* \headheight=14.22636pt
* \headsep=0.0pt
* \topskip=10.0pt
* \footskip=14.22636pt
* \marginparwidth=3.0pt
* \marginparsep=11.0pt
* \columnsep=10.0pt
* \skip\footins=9.0pt plus 4.0pt minus 2.0pt
* \hoffset=0.0pt
* \voffset=0.0pt
* \mag=1000
* \@twocolumnfalse
* \@twosidefalse
* \@mparswitchfalse
* \@reversemarginfalse
* (1in=72.27pt=25.4mm, 1cm=28.453pt)

(/usr/local/texlive/2018/texmf-dist/tex/context/base/mkii/supp-pdf.mkii
[Loading MPS to PDF converter (version 2006.09.02).]
\scratchcounter=\count293
\scratchdimen=\dimen328
\scratchbox=\box91
\nofMPsegments=\count294
\nofMParguments=\count295
\everyMPshowfont=\toks57
\MPscratchCnt=\count296
\MPscratchDim=\dimen329
\MPnumerator=\count297
\makeMPintoPDFobject=\count298
\everyMPtoPDFconversion=\toks58
) (/usr/local/texlive/2018/texmf-dist/tex/latex/oberdiek/epstopdf-base.sty
Package: epstopdf-base 2016/05/15 v2.6 Base part for package epstopdf
 (/usr/local/texlive/2018/texmf-dist/tex/latex/oberdiek/grfext.sty
Package: grfext 2016/05/16 v1.2 Manage graphics extensions (HO)
)
Package epstopdf-base Info: Redefining graphics rule for `.eps' on input line 438.
Package grfext Info: Graphics extension search list:
(grfext)             [.pdf,.png,.jpg,.mps,.jpeg,.jbig2,.jb2,.PDF,.PNG,.JPG,.JPEG,.JBIG2,.JB2,.eps]
(grfext)             \AppendGraphicsExtensions on input line 456.
 (/usr/local/texlive/2018/texmf-dist/tex/latex/latexconfig/epstopdf-sys.cfg
File: epstopdf-sys.cfg 2010/07/13 v1.3 Configuration of (r)epstopdf for TeX Live
)) ABD: EveryShipout initializing macros
\AtBeginShipoutBox=\box92
Package hyperref Info: Link coloring OFF on input line 74.
 (/usr/local/texlive/2018/texmf-dist/tex/latex/hyperref/nameref.sty
Package: nameref 2016/05/21 v2.44 Cross-referencing by name of section
 (/usr/local/texlive/2018/texmf-dist/tex/generic/oberdiek/gettitlestring.sty
Package: gettitlestring 2016/05/16 v1.5 Cleanup title references (HO)
)
\c@section@level=\count299
)
LaTeX Info: Redefining \ref on input line 74.
LaTeX Info: Redefining \pageref on input line 74.
LaTeX Info: Redefining \nameref on input line 74.
 (./main.out) (./main.out)
\@outlinefile=\write5
\openout5 = `main.out'.

LaTeX Font Info:    Overwriting symbol font `operators' in version `normal'
(Font)                  OT1/cmr/m/n --> OT1/cmss/m/n on input line 74.
LaTeX Font Info:    Overwriting symbol font `operators' in version `bold'
(Font)                  OT1/cmr/bx/n --> OT1/cmss/bx/n on input line 74.
\symnumbers=\mathgroup6
\sympureletters=\mathgroup7
LaTeX Font Info:    Overwriting math alphabet `\mathrm' in version `normal'
(Font)                  OT1/cmss/m/n --> OT1/cmr/m/n on input line 74.
LaTeX Font Info:    Redeclaring math alphabet \mathbf on input line 74.
LaTeX Font Info:    Overwriting math alphabet `\mathbf' in version `normal'
(Font)                  OT1/cmr/bx/n --> OT1/cmss/bx/n on input line 74.
LaTeX Font Info:    Overwriting math alphabet `\mathbf' in version `bold'
(Font)                  OT1/cmr/bx/n --> OT1/cmss/bx/n on input line 74.
LaTeX Font Info:    Redeclaring math alphabet \mathsf on input line 74.
LaTeX Font Info:    Overwriting math alphabet `\mathsf' in version `normal'
(Font)                  OT1/cmss/m/n --> OT1/cmss/m/n on input line 74.
LaTeX Font Info:    Overwriting math alphabet `\mathsf' in version `bold'
(Font)                  OT1/cmss/bx/n --> OT1/cmss/m/n on input line 74.
LaTeX Font Info:    Redeclaring math alphabet \mathit on input line 74.
LaTeX Font Info:    Overwriting math alphabet `\mathit' in version `normal'
(Font)                  OT1/cmr/m/it --> OT1/cmss/m/it on input line 74.
LaTeX Font Info:    Overwriting math alphabet `\mathit' in version `bold'
(Font)                  OT1/cmr/bx/it --> OT1/cmss/m/it on input line 74.
LaTeX Font Info:    Redeclaring math alphabet \mathtt on input line 74.
LaTeX Font Info:    Overwriting math alphabet `\mathtt' in version `normal'
(Font)                  OT1/cmtt/m/n --> OT1/cmtt/m/n on input line 74.
LaTeX Font Info:    Overwriting math alphabet `\mathtt' in version `bold'
(Font)                  OT1/cmtt/m/n --> OT1/cmtt/m/n on input line 74.
LaTeX Font Info:    Overwriting symbol font `numbers' in version `bold'
(Font)                  OT1/cmss/m/n --> OT1/cmss/bx/n on input line 74.
LaTeX Font Info:    Overwriting symbol font `pureletters' in version `bold'
(Font)                  OT1/cmss/m/it --> OT1/cmss/bx/it on input line 74.
LaTeX Font Info:    Overwriting math alphabet `\mathrm' in version `bold'
(Font)                  OT1/cmss/bx/n --> OT1/cmr/bx/n on input line 74.
LaTeX Font Info:    Overwriting math alphabet `\mathbf' in version `bold'
(Font)                  OT1/cmss/bx/n --> OT1/cmss/bx/n on input line 74.
LaTeX Font Info:    Overwriting math alphabet `\mathsf' in version `bold'
(Font)                  OT1/cmss/m/n --> OT1/cmss/bx/n on input line 74.
LaTeX Font Info:    Overwriting math alphabet `\mathit' in version `bold'
(Font)                  OT1/cmss/m/it --> OT1/cmss/bx/it on input line 74.
LaTeX Font Info:    Overwriting math alphabet `\mathtt' in version `bold'
(Font)                  OT1/cmtt/m/n --> OT1/cmtt/bx/n on input line 74.
LaTeX Font Info:    Redeclaring symbol font `pureletters' on input line 74.
LaTeX Font Info:    Overwriting symbol font `pureletters' in version `normal'
(Font)                  OT1/cmss/m/it --> OT1/mathkerncmss/m/sl on input line 74.
LaTeX Font Info:    Overwriting symbol font `pureletters' in version `bold'
(Font)                  OT1/cmss/bx/it --> OT1/mathkerncmss/m/sl on input line 74.
LaTeX Font Info:    Overwriting symbol font `pureletters' in version `bold'
(Font)                  OT1/mathkerncmss/m/sl --> OT1/mathkerncmss/bx/sl on input line 74.
 (/usr/local/texlive/2018/texmf-dist/tex/latex/translator/translator-basic-dictionary-English.dict
Dictionary: translator-basic-dictionary, Language: English 
) (/usr/local/texlive/2018/texmf-dist/tex/latex/translator/translator-bibliography-dictionary-English.dict
Dictionary: translator-bibliography-dictionary, Language: English 
) (/usr/local/texlive/2018/texmf-dist/tex/latex/translator/translator-environment-dictionary-English.dict
Dictionary: translator-environment-dictionary, Language: English 
) (/usr/local/texlive/2018/texmf-dist/tex/latex/translator/translator-months-dictionary-English.dict
Dictionary: translator-months-dictionary, Language: English 
) (/usr/local/texlive/2018/texmf-dist/tex/latex/translator/translator-numbers-dictionary-English.dict
Dictionary: translator-numbers-dictionary, Language: English 
) (/usr/local/texlive/2018/texmf-dist/tex/latex/translator/translator-theorem-dictionary-English.dict
Dictionary: translator-theorem-dictionary, Language: English 
)
Package pgfplots notification 'compat/show suggested version=true': you might benefit from \pgfplotsset{compat=1.16} (current compat level: 1.9).

Package caption Info: Begin \AtBeginDocument code.
Package caption Info: float package is loaded.
Package caption Info: End \AtBeginDocument code.
(./main.nav)
<../Figures/logo_UCLA_blue_boxed.png, id=25, 361.5909pt x 169.8345pt>
File: ../Figures/logo_UCLA_blue_boxed.png Graphic file (type png)
<use ../Figures/logo_UCLA_blue_boxed.png>
Package pdftex.def Info: ../Figures/logo_UCLA_blue_boxed.png  used on input line 76.
(pdftex.def)             Requested size: 75.72115pt x 35.56593pt.
<../Figures/PrimShield-Mono_SmallUse_CardOnTrans_RGB.png, id=27, 903.375pt x 332.24126pt>
File: ../Figures/PrimShield-Mono_SmallUse_CardOnTrans_RGB.png Graphic file (type png)
<use ../Figures/PrimShield-Mono_SmallUse_CardOnTrans_RGB.png>
Package pdftex.def Info: ../Figures/PrimShield-Mono_SmallUse_CardOnTrans_RGB.png  used on input line 76.
(pdftex.def)             Requested size: 96.69739pt x 35.56593pt.

Overfull \vbox (20.00003pt too high) detected at line 76
 []

LaTeX Font Info:    Try loading font information for U+msa on input line 76.
(/usr/local/texlive/2018/texmf-dist/tex/latex/amsfonts/umsa.fd
File: umsa.fd 2013/01/14 v3.01 AMS symbols A
)
LaTeX Font Info:    Try loading font information for U+msb on input line 76.
 (/usr/local/texlive/2018/texmf-dist/tex/latex/amsfonts/umsb.fd
File: umsb.fd 2013/01/14 v3.01 AMS symbols B
)
LaTeX Font Info:    Try loading font information for OT1+mathkerncmss on input line 76.
 (/usr/local/texlive/2018/texmf-dist/tex/latex/sansmathaccent/ot1mathkerncmss.fd
File: ot1mathkerncmss.fd 2013/03/27 Fontinst v1.933 font definitions for OT1/mathkerncmss.
)
Overfull \vbox (13.79993pt too high) detected at line 76
 []

[1

{/usr/local/texlive/2018/texmf-var/fonts/map/pdftex/updmap/pdftex.map} <../Figures/logo_UCLA_blue_boxed.png> <../Figures/PrimShield-Mono_SmallUse_CardOnTrans_RGB.png (PNG copy)>]
<../Figures/introP0.png, id=38, 1500.60625pt x 1182.4175pt>
File: ../Figures/introP0.png Graphic file (type png)
<use ../Figures/introP0.png>
Package pdftex.def Info: ../Figures/introP0.png  used on input line 84.
(pdftex.def)             Requested size: 285.11815pt x 224.66165pt.
File: ../Figures/logo_UCLA_blue_boxed.png Graphic file (type png)
<use ../Figures/logo_UCLA_blue_boxed.png>
Package pdftex.def Info: ../Figures/logo_UCLA_blue_boxed.png  used on input line 84.
(pdftex.def)             Requested size: 48.45955pt x 22.76228pt.
File: ../Figures/PrimShield-Mono_SmallUse_CardOnTrans_RGB.png Graphic file (type png)
<use ../Figures/PrimShield-Mono_SmallUse_CardOnTrans_RGB.png>
Package pdftex.def Info: ../Figures/PrimShield-Mono_SmallUse_CardOnTrans_RGB.png  used on input line 84.
(pdftex.def)             Requested size: 61.87805pt x 22.76228pt.

Overfull \vbox (21.51973pt too high) detected at line 84
 []

[2

 <../Figures/introP0.png>]
<../Figures/introP1.png, id=46, 1519.6775pt x 1147.28625pt>
File: ../Figures/introP1.png Graphic file (type png)
<use ../Figures/introP1.png>
Package pdftex.def Info: ../Figures/introP1.png  used on input line 92.
(pdftex.def)             Requested size: 288.74173pt x 217.98665pt.
pdfTeX warning (ext4): destination with the same identifier (name{fig:florentineFamilies}) has been already used, duplicate ignored
<to be read again> 
                   \relax 
l.92 \end{frame}
                
File: ../Figures/logo_UCLA_blue_boxed.png Graphic file (type png)
<use ../Figures/logo_UCLA_blue_boxed.png>
Package pdftex.def Info: ../Figures/logo_UCLA_blue_boxed.png  used on input line 92.
(pdftex.def)             Requested size: 48.45955pt x 22.76228pt.
File: ../Figures/PrimShield-Mono_SmallUse_CardOnTrans_RGB.png Graphic file (type png)
<use ../Figures/PrimShield-Mono_SmallUse_CardOnTrans_RGB.png>
Package pdftex.def Info: ../Figures/PrimShield-Mono_SmallUse_CardOnTrans_RGB.png  used on input line 92.
(pdftex.def)             Requested size: 61.87805pt x 22.76228pt.

Overfull \vbox (14.84473pt too high) detected at line 92
 []

[3

 <../Figures/introP1.png>]
<../Figures/introP2.png, id=53, 1629.08624pt x 1245.65375pt>
File: ../Figures/introP2.png Graphic file (type png)
<use ../Figures/introP2.png>
Package pdftex.def Info: ../Figures/introP2.png  used on input line 97.
(pdftex.def)             Requested size: 293.22287pt x 224.208pt.
File: ../Figures/logo_UCLA_blue_boxed.png Graphic file (type png)
<use ../Figures/logo_UCLA_blue_boxed.png>
Package pdftex.def Info: ../Figures/logo_UCLA_blue_boxed.png  used on input line 97.
(pdftex.def)             Requested size: 48.45955pt x 22.76228pt.
File: ../Figures/PrimShield-Mono_SmallUse_CardOnTrans_RGB.png Graphic file (type png)
<use ../Figures/PrimShield-Mono_SmallUse_CardOnTrans_RGB.png>
Package pdftex.def Info: ../Figures/PrimShield-Mono_SmallUse_CardOnTrans_RGB.png  used on input line 97.
(pdftex.def)             Requested size: 61.87805pt x 22.76228pt.

Overfull \vbox (11.06607pt too high) detected at line 97
 []

[4

 <../Figures/introP2.png>]
<../Figures/introP3.png, id=60, 1610.015pt x 1240.635pt>
File: ../Figures/introP3.png Graphic file (type png)
<use ../Figures/introP3.png>
Package pdftex.def Info: ../Figures/introP3.png  used on input line 102.
(pdftex.def)             Requested size: 289.79019pt x 223.30466pt.
File: ../Figures/logo_UCLA_blue_boxed.png Graphic file (type png)
<use ../Figures/logo_UCLA_blue_boxed.png>
Package pdftex.def Info: ../Figures/logo_UCLA_blue_boxed.png  used on input line 102.
(pdftex.def)             Requested size: 48.45955pt x 22.76228pt.
File: ../Figures/PrimShield-Mono_SmallUse_CardOnTrans_RGB.png Graphic file (type png)
<use ../Figures/PrimShield-Mono_SmallUse_CardOnTrans_RGB.png>
Package pdftex.def Info: ../Figures/PrimShield-Mono_SmallUse_CardOnTrans_RGB.png  used on input line 102.
(pdftex.def)             Requested size: 61.87805pt x 22.76228pt.

Overfull \vbox (10.16273pt too high) detected at line 102
 []

[5

 <../Figures/introP3.png>]
File: ../Figures/introP2.png Graphic file (type png)
<use ../Figures/introP2.png>
Package pdftex.def Info: ../Figures/introP2.png  used on input line 124.
(pdftex.def)             Requested size: 293.22287pt x 224.208pt.
File: ../Figures/logo_UCLA_blue_boxed.png Graphic file (type png)
<use ../Figures/logo_UCLA_blue_boxed.png>
Package pdftex.def Info: ../Figures/logo_UCLA_blue_boxed.png  used on input line 124.
(pdftex.def)             Requested size: 48.45955pt x 22.76228pt.
File: ../Figures/PrimShield-Mono_SmallUse_CardOnTrans_RGB.png Graphic file (type png)
<use ../Figures/PrimShield-Mono_SmallUse_CardOnTrans_RGB.png>
Package pdftex.def Info: ../Figures/PrimShield-Mono_SmallUse_CardOnTrans_RGB.png  used on input line 124.
(pdftex.def)             Requested size: 61.87805pt x 22.76228pt.

Overfull \vbox (9.70683pt too high) detected at line 124
 []

[6

]
File: ../Figures/introP3.png Graphic file (type png)
<use ../Figures/introP3.png>
Package pdftex.def Info: ../Figures/introP3.png  used on input line 146.
(pdftex.def)             Requested size: 289.79019pt x 223.30466pt.
File: ../Figures/logo_UCLA_blue_boxed.png Graphic file (type png)
<use ../Figures/logo_UCLA_blue_boxed.png>
Package pdftex.def Info: ../Figures/logo_UCLA_blue_boxed.png  used on input line 146.
(pdftex.def)             Requested size: 48.45955pt x 22.76228pt.
File: ../Figures/PrimShield-Mono_SmallUse_CardOnTrans_RGB.png Graphic file (type png)
<use ../Figures/PrimShield-Mono_SmallUse_CardOnTrans_RGB.png>
Package pdftex.def Info: ../Figures/PrimShield-Mono_SmallUse_CardOnTrans_RGB.png  used on input line 146.
(pdftex.def)             Requested size: 61.87805pt x 22.76228pt.

Overfull \vbox (9.99547pt too high) detected at line 146
 []

[7

]
<../Figures/introP6.png, id=81, 1610.015pt x 1228.59pt>
File: ../Figures/introP6.png Graphic file (type png)
<use ../Figures/introP6.png>
Package pdftex.def Info: ../Figures/introP6.png  used on input line 213.
(pdftex.def)             Requested size: 289.79019pt x 221.13666pt.

Overfull \hbox (2.38907pt too wide) detected at line 213
[][]
 []

File: ../Figures/logo_UCLA_blue_boxed.png Graphic file (type png)
<use ../Figures/logo_UCLA_blue_boxed.png>
Package pdftex.def Info: ../Figures/logo_UCLA_blue_boxed.png  used on input line 213.
(pdftex.def)             Requested size: 48.45955pt x 22.76228pt.
File: ../Figures/PrimShield-Mono_SmallUse_CardOnTrans_RGB.png Graphic file (type png)
<use ../Figures/PrimShield-Mono_SmallUse_CardOnTrans_RGB.png>
Package pdftex.def Info: ../Figures/PrimShield-Mono_SmallUse_CardOnTrans_RGB.png  used on input line 213.
(pdftex.def)             Requested size: 61.87805pt x 22.76228pt.

Overfull \vbox (7.09758pt too high) detected at line 213
 []

[8

 <../Figures/introP6.png>]
<../Figures/introP7.png, id=88, 1682.285pt x 1278.7775pt>
File: ../Figures/introP7.png Graphic file (type png)
<use ../Figures/introP7.png>
Package pdftex.def Info: ../Figures/introP7.png  used on input line 240.
(pdftex.def)             Requested size: 302.79823pt x 230.17001pt.
File: ../Figures/logo_UCLA_blue_boxed.png Graphic file (type png)
<use ../Figures/logo_UCLA_blue_boxed.png>
Package pdftex.def Info: ../Figures/logo_UCLA_blue_boxed.png  used on input line 240.
(pdftex.def)             Requested size: 48.45955pt x 22.76228pt.
File: ../Figures/PrimShield-Mono_SmallUse_CardOnTrans_RGB.png Graphic file (type png)
<use ../Figures/PrimShield-Mono_SmallUse_CardOnTrans_RGB.png>
Package pdftex.def Info: ../Figures/PrimShield-Mono_SmallUse_CardOnTrans_RGB.png  used on input line 240.
(pdftex.def)             Requested size: 61.87805pt x 22.76228pt.

Overfull \vbox (16.98375pt too high) detected at line 240
 []

[9

 <../Figures/introP7.png>]
<../Figures/introP8.png, id=96, 2260.445pt x 1844.8925pt>
File: ../Figures/introP8.png Graphic file (type png)
<use ../Figures/introP8.png>
Package pdftex.def Info: ../Figures/introP8.png  used on input line 244.
(pdftex.def)             Requested size: 293.86816pt x 239.84444pt.
File: ../Figures/logo_UCLA_blue_boxed.png Graphic file (type png)
<use ../Figures/logo_UCLA_blue_boxed.png>
Package pdftex.def Info: ../Figures/logo_UCLA_blue_boxed.png  used on input line 244.
(pdftex.def)             Requested size: 48.45955pt x 22.76228pt.
File: ../Figures/PrimShield-Mono_SmallUse_CardOnTrans_RGB.png Graphic file (type png)
<use ../Figures/PrimShield-Mono_SmallUse_CardOnTrans_RGB.png>
Package pdftex.def Info: ../Figures/PrimShield-Mono_SmallUse_CardOnTrans_RGB.png  used on input line 244.
(pdftex.def)             Requested size: 61.87805pt x 22.76228pt.

Overfull \vbox (26.70251pt too high) detected at line 244
 []

[10

 <../Figures/introP8.png (PNG copy)>]
File: ../Figures/introP8.png Graphic file (type png)
<use ../Figures/introP8.png>
Package pdftex.def Info: ../Figures/introP8.png  used on input line 256.
(pdftex.def)             Requested size: 293.86816pt x 239.84444pt.
File: ../Figures/logo_UCLA_blue_boxed.png Graphic file (type png)
<use ../Figures/logo_UCLA_blue_boxed.png>
Package pdftex.def Info: ../Figures/logo_UCLA_blue_boxed.png  used on input line 256.
(pdftex.def)             Requested size: 48.45955pt x 22.76228pt.
File: ../Figures/PrimShield-Mono_SmallUse_CardOnTrans_RGB.png Graphic file (type png)
<use ../Figures/PrimShield-Mono_SmallUse_CardOnTrans_RGB.png>
Package pdftex.def Info: ../Figures/PrimShield-Mono_SmallUse_CardOnTrans_RGB.png  used on input line 256.
(pdftex.def)             Requested size: 61.87805pt x 22.76228pt.

Overfull \vbox (24.89075pt too high) detected at line 256
 []

[11

]
<../Figures/introP9.png, id=108, 2256.43pt x 1840.8775pt>
File: ../Figures/introP9.png Graphic file (type png)
<use ../Figures/introP9.png>
Package pdftex.def Info: ../Figures/introP9.png  used on input line 269.
(pdftex.def)             Requested size: 293.34619pt x 239.32248pt.
File: ../Figures/logo_UCLA_blue_boxed.png Graphic file (type png)
<use ../Figures/logo_UCLA_blue_boxed.png>
Package pdftex.def Info: ../Figures/logo_UCLA_blue_boxed.png  used on input line 269.
(pdftex.def)             Requested size: 48.45955pt x 22.76228pt.
File: ../Figures/PrimShield-Mono_SmallUse_CardOnTrans_RGB.png Graphic file (type png)
<use ../Figures/PrimShield-Mono_SmallUse_CardOnTrans_RGB.png>
Package pdftex.def Info: ../Figures/PrimShield-Mono_SmallUse_CardOnTrans_RGB.png  used on input line 269.
(pdftex.def)             Requested size: 61.87805pt x 22.76228pt.

Overfull \vbox (24.46805pt too high) detected at line 269
 []

[12

 <../Figures/introP9.png (PNG copy)>]
<../Figures/introP10.png, id=116, 1645.14626pt x 1286.8075pt>
File: ../Figures/introP10.png Graphic file (type png)
<use ../Figures/introP10.png>
Package pdftex.def Info: ../Figures/introP10.png  used on input line 274.
(pdftex.def)             Requested size: 296.11356pt x 231.61536pt.
File: ../Figures/logo_UCLA_blue_boxed.png Graphic file (type png)
<use ../Figures/logo_UCLA_blue_boxed.png>
Package pdftex.def Info: ../Figures/logo_UCLA_blue_boxed.png  used on input line 274.
(pdftex.def)             Requested size: 48.45955pt x 22.76228pt.
File: ../Figures/PrimShield-Mono_SmallUse_CardOnTrans_RGB.png Graphic file (type png)
<use ../Figures/PrimShield-Mono_SmallUse_CardOnTrans_RGB.png>
Package pdftex.def Info: ../Figures/PrimShield-Mono_SmallUse_CardOnTrans_RGB.png  used on input line 274.
(pdftex.def)             Requested size: 61.87805pt x 22.76228pt.

Overfull \vbox (18.47343pt too high) detected at line 274
 []

[13

 <../Figures/introP10.png>]
<../Figures/introP32.png, id=124, 1600.98125pt x 1214.5375pt>
File: ../Figures/introP32.png Graphic file (type png)
<use ../Figures/introP32.png>
Package pdftex.def Info: ../Figures/introP32.png  used on input line 278.
(pdftex.def)             Requested size: 288.16418pt x 218.60732pt.
File: ../Figures/logo_UCLA_blue_boxed.png Graphic file (type png)
<use ../Figures/logo_UCLA_blue_boxed.png>
Package pdftex.def Info: ../Figures/logo_UCLA_blue_boxed.png  used on input line 278.
(pdftex.def)             Requested size: 48.45955pt x 22.76228pt.
File: ../Figures/PrimShield-Mono_SmallUse_CardOnTrans_RGB.png Graphic file (type png)
<use ../Figures/PrimShield-Mono_SmallUse_CardOnTrans_RGB.png>
Package pdftex.def Info: ../Figures/PrimShield-Mono_SmallUse_CardOnTrans_RGB.png  used on input line 278.
(pdftex.def)             Requested size: 61.87805pt x 22.76228pt.

Overfull \vbox (5.4654pt too high) detected at line 278
 []

[14

 <../Figures/introP32.png>]
File: ../Figures/introP32.png Graphic file (type png)
<use ../Figures/introP32.png>
Package pdftex.def Info: ../Figures/introP32.png  used on input line 302.
(pdftex.def)             Requested size: 288.16418pt x 218.60732pt.
File: ../Figures/logo_UCLA_blue_boxed.png Graphic file (type png)
<use ../Figures/logo_UCLA_blue_boxed.png>
Package pdftex.def Info: ../Figures/logo_UCLA_blue_boxed.png  used on input line 302.
(pdftex.def)             Requested size: 48.45955pt x 22.76228pt.
File: ../Figures/PrimShield-Mono_SmallUse_CardOnTrans_RGB.png Graphic file (type png)
<use ../Figures/PrimShield-Mono_SmallUse_CardOnTrans_RGB.png>
Package pdftex.def Info: ../Figures/PrimShield-Mono_SmallUse_CardOnTrans_RGB.png  used on input line 302.
(pdftex.def)             Requested size: 61.87805pt x 22.76228pt.

Overfull \vbox (2.9809pt too high) detected at line 302
 []

[15

]
<../Figures/introP33.png, id=139, 1619.04875pt x 1244.65pt>
File: ../Figures/introP33.png Graphic file (type png)
<use ../Figures/introP33.png>
Package pdftex.def Info: ../Figures/introP33.png  used on input line 326.
(pdftex.def)             Requested size: 291.4162pt x 224.02733pt.
File: ../Figures/logo_UCLA_blue_boxed.png Graphic file (type png)
<use ../Figures/logo_UCLA_blue_boxed.png>
Package pdftex.def Info: ../Figures/logo_UCLA_blue_boxed.png  used on input line 326.
(pdftex.def)             Requested size: 48.45955pt x 22.76228pt.
File: ../Figures/PrimShield-Mono_SmallUse_CardOnTrans_RGB.png Graphic file (type png)
<use ../Figures/PrimShield-Mono_SmallUse_CardOnTrans_RGB.png>
Package pdftex.def Info: ../Figures/PrimShield-Mono_SmallUse_CardOnTrans_RGB.png  used on input line 326.
(pdftex.def)             Requested size: 61.87805pt x 22.76228pt.

Overfull \vbox (8.33379pt too high) detected at line 326
 []

[16

 <../Figures/introP33.png>]
<../Figures/introP34.png, id=146, 2097.8375pt x 1700.3525pt>
File: ../Figures/introP34.png Graphic file (type png)
<use ../Figures/introP34.png>
Package pdftex.def Info: ../Figures/introP34.png  used on input line 335.
(pdftex.def)             Requested size: 272.72845pt x 221.05359pt.
File: ../Figures/logo_UCLA_blue_boxed.png Graphic file (type png)
<use ../Figures/logo_UCLA_blue_boxed.png>
Package pdftex.def Info: ../Figures/logo_UCLA_blue_boxed.png  used on input line 335.
(pdftex.def)             Requested size: 48.45955pt x 22.76228pt.
File: ../Figures/PrimShield-Mono_SmallUse_CardOnTrans_RGB.png Graphic file (type png)
<use ../Figures/PrimShield-Mono_SmallUse_CardOnTrans_RGB.png>
Package pdftex.def Info: ../Figures/PrimShield-Mono_SmallUse_CardOnTrans_RGB.png  used on input line 335.
(pdftex.def)             Requested size: 61.87805pt x 22.76228pt.

Overfull \vbox (7.76773pt too high) detected at line 335
 []

[17

 <../Figures/introP34.png (PNG copy)>]
<../Figures/introP35.png, id=153, 2254.4225pt x 1838.87pt>
File: ../Figures/introP35.png Graphic file (type png)
<use ../Figures/introP35.png>
Package pdftex.def Info: ../Figures/introP35.png  used on input line 340.
(pdftex.def)             Requested size: 293.08522pt x 239.0615pt.
File: ../Figures/logo_UCLA_blue_boxed.png Graphic file (type png)
<use ../Figures/logo_UCLA_blue_boxed.png>
Package pdftex.def Info: ../Figures/logo_UCLA_blue_boxed.png  used on input line 340.
(pdftex.def)             Requested size: 48.45955pt x 22.76228pt.
File: ../Figures/PrimShield-Mono_SmallUse_CardOnTrans_RGB.png Graphic file (type png)
<use ../Figures/PrimShield-Mono_SmallUse_CardOnTrans_RGB.png>
Package pdftex.def Info: ../Figures/PrimShield-Mono_SmallUse_CardOnTrans_RGB.png  used on input line 340.
(pdftex.def)             Requested size: 61.87805pt x 22.76228pt.

Overfull \vbox (25.91957pt too high) detected at line 340
 []

[18

 <../Figures/introP35.png (PNG copy)>]
<../Figures/introP41.png, id=159, 1626.075pt x 1237.62375pt>
File: ../Figures/introP41.png Graphic file (type png)
<use ../Figures/introP41.png>
Package pdftex.def Info: ../Figures/introP41.png  used on input line 345.
(pdftex.def)             Requested size: 292.68088pt x 222.76266pt.
File: ../Figures/logo_UCLA_blue_boxed.png Graphic file (type png)
<use ../Figures/logo_UCLA_blue_boxed.png>
Package pdftex.def Info: ../Figures/logo_UCLA_blue_boxed.png  used on input line 345.
(pdftex.def)             Requested size: 48.45955pt x 22.76228pt.
File: ../Figures/PrimShield-Mono_SmallUse_CardOnTrans_RGB.png Graphic file (type png)
<use ../Figures/PrimShield-Mono_SmallUse_CardOnTrans_RGB.png>
Package pdftex.def Info: ../Figures/PrimShield-Mono_SmallUse_CardOnTrans_RGB.png  used on input line 345.
(pdftex.def)             Requested size: 61.87805pt x 22.76228pt.

Overfull \vbox (9.62074pt too high) detected at line 345
 []

[19

 <../Figures/introP41.png>]
<../Figures/introP42.png, id=167, 1679.27374pt x 1263.72125pt>
File: ../Figures/introP42.png Graphic file (type png)
<use ../Figures/introP42.png>
Package pdftex.def Info: ../Figures/introP42.png  used on input line 350.
(pdftex.def)             Requested size: 302.25623pt x 227.46pt.
File: ../Figures/logo_UCLA_blue_boxed.png Graphic file (type png)
<use ../Figures/logo_UCLA_blue_boxed.png>
Package pdftex.def Info: ../Figures/logo_UCLA_blue_boxed.png  used on input line 350.
(pdftex.def)             Requested size: 48.45955pt x 22.76228pt.
File: ../Figures/PrimShield-Mono_SmallUse_CardOnTrans_RGB.png Graphic file (type png)
<use ../Figures/PrimShield-Mono_SmallUse_CardOnTrans_RGB.png>
Package pdftex.def Info: ../Figures/PrimShield-Mono_SmallUse_CardOnTrans_RGB.png  used on input line 350.
(pdftex.def)             Requested size: 61.87805pt x 22.76228pt.

Overfull \vbox (14.31808pt too high) detected at line 350
 []

[20

 <../Figures/introP42.png>]
<../Figures/introP43.png, id=174, 1680.2775pt x 1270.7475pt>
File: ../Figures/introP43.png Graphic file (type png)
<use ../Figures/introP43.png>
Package pdftex.def Info: ../Figures/introP43.png  used on input line 360.
(pdftex.def)             Requested size: 302.4369pt x 228.72467pt.
File: ../Figures/logo_UCLA_blue_boxed.png Graphic file (type png)
<use ../Figures/logo_UCLA_blue_boxed.png>
Package pdftex.def Info: ../Figures/logo_UCLA_blue_boxed.png  used on input line 360.
(pdftex.def)             Requested size: 48.45955pt x 22.76228pt.
File: ../Figures/PrimShield-Mono_SmallUse_CardOnTrans_RGB.png Graphic file (type png)
<use ../Figures/PrimShield-Mono_SmallUse_CardOnTrans_RGB.png>
Package pdftex.def Info: ../Figures/PrimShield-Mono_SmallUse_CardOnTrans_RGB.png  used on input line 360.
(pdftex.def)             Requested size: 61.87805pt x 22.76228pt.

Overfull \vbox (13.6857pt too high) detected at line 360
 []

[21

 <../Figures/introP43.png>]
<../Figures/introP44.png, id=181, 1645.14626pt x 1259.70625pt>
File: ../Figures/introP44.png Graphic file (type png)
<use ../Figures/introP44.png>
Package pdftex.def Info: ../Figures/introP44.png  used on input line 365.
(pdftex.def)             Requested size: 296.11356pt x 226.73734pt.
File: ../Figures/logo_UCLA_blue_boxed.png Graphic file (type png)
<use ../Figures/logo_UCLA_blue_boxed.png>
Package pdftex.def Info: ../Figures/logo_UCLA_blue_boxed.png  used on input line 365.
(pdftex.def)             Requested size: 48.45955pt x 22.76228pt.
File: ../Figures/PrimShield-Mono_SmallUse_CardOnTrans_RGB.png Graphic file (type png)
<use ../Figures/PrimShield-Mono_SmallUse_CardOnTrans_RGB.png>
Package pdftex.def Info: ../Figures/PrimShield-Mono_SmallUse_CardOnTrans_RGB.png  used on input line 365.
(pdftex.def)             Requested size: 61.87805pt x 22.76228pt.

Overfull \vbox (13.59541pt too high) detected at line 365
 []

[22

 <../Figures/introP44.png>]
<../Figures/introP45.png, id=188, 1600.98125pt x 1255.69125pt>
File: ../Figures/introP45.png Graphic file (type png)
<use ../Figures/introP45.png>
Package pdftex.def Info: ../Figures/introP45.png  used on input line 370.
(pdftex.def)             Requested size: 288.16418pt x 226.01468pt.
File: ../Figures/logo_UCLA_blue_boxed.png Graphic file (type png)
<use ../Figures/logo_UCLA_blue_boxed.png>
Package pdftex.def Info: ../Figures/logo_UCLA_blue_boxed.png  used on input line 370.
(pdftex.def)             Requested size: 48.45955pt x 22.76228pt.
File: ../Figures/PrimShield-Mono_SmallUse_CardOnTrans_RGB.png Graphic file (type png)
<use ../Figures/PrimShield-Mono_SmallUse_CardOnTrans_RGB.png>
Package pdftex.def Info: ../Figures/PrimShield-Mono_SmallUse_CardOnTrans_RGB.png  used on input line 370.
(pdftex.def)             Requested size: 61.87805pt x 22.76228pt.

Overfull \vbox (12.87276pt too high) detected at line 370
 []

[23

 <../Figures/introP45.png>]
<../Figures/introP46.png, id=196, 2240.37pt x 1824.8175pt>
File: ../Figures/introP46.png Graphic file (type png)
<use ../Figures/introP46.png>
Package pdftex.def Info: ../Figures/introP46.png  used on input line 379.
(pdftex.def)             Requested size: 291.25832pt x 237.2346pt.
File: ../Figures/logo_UCLA_blue_boxed.png Graphic file (type png)
<use ../Figures/logo_UCLA_blue_boxed.png>
Package pdftex.def Info: ../Figures/logo_UCLA_blue_boxed.png  used on input line 379.
(pdftex.def)             Requested size: 48.45955pt x 22.76228pt.
File: ../Figures/PrimShield-Mono_SmallUse_CardOnTrans_RGB.png Graphic file (type png)
<use ../Figures/PrimShield-Mono_SmallUse_CardOnTrans_RGB.png>
Package pdftex.def Info: ../Figures/PrimShield-Mono_SmallUse_CardOnTrans_RGB.png  used on input line 379.
(pdftex.def)             Requested size: 61.87805pt x 22.76228pt.

Overfull \vbox (22.77725pt too high) detected at line 379
 []

[24

 <../Figures/introP46.png (PNG copy)>]
<../Figures/introP47.png, id=202, 2294.5725pt x 1875.005pt>
File: ../Figures/introP47.png Graphic file (type png)
<use ../Figures/introP47.png>
Package pdftex.def Info: ../Figures/introP47.png  used on input line 384.
(pdftex.def)             Requested size: 298.3049pt x 243.7592pt.
File: ../Figures/logo_UCLA_blue_boxed.png Graphic file (type png)
<use ../Figures/logo_UCLA_blue_boxed.png>
Package pdftex.def Info: ../Figures/logo_UCLA_blue_boxed.png  used on input line 384.
(pdftex.def)             Requested size: 48.45955pt x 22.76228pt.
File: ../Figures/PrimShield-Mono_SmallUse_CardOnTrans_RGB.png Graphic file (type png)
<use ../Figures/PrimShield-Mono_SmallUse_CardOnTrans_RGB.png>
Package pdftex.def Info: ../Figures/PrimShield-Mono_SmallUse_CardOnTrans_RGB.png  used on input line 384.
(pdftex.def)             Requested size: 61.87805pt x 22.76228pt.

Overfull \vbox (30.61728pt too high) detected at line 384
 []

[25

 <../Figures/introP47.png (PNG copy)>]
<../Figures/introP48.png, id=209, 1561.835pt x 1275.76625pt>
File: ../Figures/introP48.png Graphic file (type png)
<use ../Figures/introP48.png>
Package pdftex.def Info: ../Figures/introP48.png  used on input line 389.
(pdftex.def)             Requested size: 281.11816pt x 229.62802pt.
File: ../Figures/logo_UCLA_blue_boxed.png Graphic file (type png)
<use ../Figures/logo_UCLA_blue_boxed.png>
Package pdftex.def Info: ../Figures/logo_UCLA_blue_boxed.png  used on input line 389.
(pdftex.def)             Requested size: 48.45955pt x 22.76228pt.
File: ../Figures/PrimShield-Mono_SmallUse_CardOnTrans_RGB.png Graphic file (type png)
<use ../Figures/PrimShield-Mono_SmallUse_CardOnTrans_RGB.png>
Package pdftex.def Info: ../Figures/PrimShield-Mono_SmallUse_CardOnTrans_RGB.png  used on input line 389.
(pdftex.def)             Requested size: 61.87805pt x 22.76228pt.

Overfull \vbox (16.4861pt too high) detected at line 389
 []

[26

 <../Figures/introP48.png>]
<../Figures/errorBars.png, id=216, 1754.555pt x 1399.2275pt>
File: ../Figures/errorBars.png Graphic file (type png)
<use ../Figures/errorBars.png>
Package pdftex.def Info: ../Figures/errorBars.png  used on input line 394.
(pdftex.def)             Requested size: 307.05173pt x 244.86848pt.
File: ../Figures/logo_UCLA_blue_boxed.png Graphic file (type png)
<use ../Figures/logo_UCLA_blue_boxed.png>
Package pdftex.def Info: ../Figures/logo_UCLA_blue_boxed.png  used on input line 394.
(pdftex.def)             Requested size: 48.45955pt x 22.76228pt.
File: ../Figures/PrimShield-Mono_SmallUse_CardOnTrans_RGB.png Graphic file (type png)
<use ../Figures/PrimShield-Mono_SmallUse_CardOnTrans_RGB.png>
Package pdftex.def Info: ../Figures/PrimShield-Mono_SmallUse_CardOnTrans_RGB.png  used on input line 394.
(pdftex.def)             Requested size: 61.87805pt x 22.76228pt.

Overfull \vbox (31.72656pt too high) detected at line 394
 []

[27

 <../Figures/errorBars.png (PNG copy)>]
LaTeX Font Info:    Try loading font information for OMS+cmss on input line 436.
LaTeX Font Info:    No file OMScmss.fd. on input line 436.


LaTeX Font Warning: Font shape `OMS/cmss/m/n' undefined
(Font)              using `OMS/cmsy/m/n' instead
(Font)              for symbol `textbullet' on input line 436.

File: ../Figures/logo_UCLA_blue_boxed.png Graphic file (type png)
<use ../Figures/logo_UCLA_blue_boxed.png>
Package pdftex.def Info: ../Figures/logo_UCLA_blue_boxed.png  used on input line 436.
(pdftex.def)             Requested size: 48.45955pt x 22.76228pt.
File: ../Figures/PrimShield-Mono_SmallUse_CardOnTrans_RGB.png Graphic file (type png)
<use ../Figures/PrimShield-Mono_SmallUse_CardOnTrans_RGB.png>
Package pdftex.def Info: ../Figures/PrimShield-Mono_SmallUse_CardOnTrans_RGB.png  used on input line 436.
(pdftex.def)             Requested size: 61.87805pt x 22.76228pt.
[28

]
File: ../Figures/logo_UCLA_blue_boxed.png Graphic file (type png)
<use ../Figures/logo_UCLA_blue_boxed.png>
Package pdftex.def Info: ../Figures/logo_UCLA_blue_boxed.png  used on input line 436.
(pdftex.def)             Requested size: 48.45955pt x 22.76228pt.
File: ../Figures/PrimShield-Mono_SmallUse_CardOnTrans_RGB.png Graphic file (type png)
<use ../Figures/PrimShield-Mono_SmallUse_CardOnTrans_RGB.png>
Package pdftex.def Info: ../Figures/PrimShield-Mono_SmallUse_CardOnTrans_RGB.png  used on input line 436.
(pdftex.def)             Requested size: 61.87805pt x 22.76228pt.
 [29

]
File: ../Figures/logo_UCLA_blue_boxed.png Graphic file (type png)
<use ../Figures/logo_UCLA_blue_boxed.png>
Package pdftex.def Info: ../Figures/logo_UCLA_blue_boxed.png  used on input line 436.
(pdftex.def)             Requested size: 48.45955pt x 22.76228pt.
File: ../Figures/PrimShield-Mono_SmallUse_CardOnTrans_RGB.png Graphic file (type png)
<use ../Figures/PrimShield-Mono_SmallUse_CardOnTrans_RGB.png>
Package pdftex.def Info: ../Figures/PrimShield-Mono_SmallUse_CardOnTrans_RGB.png  used on input line 436.
(pdftex.def)             Requested size: 61.87805pt x 22.76228pt.
 [30

] (./main.toc)
File: ../Figures/logo_UCLA_blue_boxed.png Graphic file (type png)
<use ../Figures/logo_UCLA_blue_boxed.png>
Package pdftex.def Info: ../Figures/logo_UCLA_blue_boxed.png  used on input line 440.
(pdftex.def)             Requested size: 48.45955pt x 22.76228pt.
File: ../Figures/PrimShield-Mono_SmallUse_CardOnTrans_RGB.png Graphic file (type png)
<use ../Figures/PrimShield-Mono_SmallUse_CardOnTrans_RGB.png>
Package pdftex.def Info: ../Figures/PrimShield-Mono_SmallUse_CardOnTrans_RGB.png  used on input line 440.
(pdftex.def)             Requested size: 61.87805pt x 22.76228pt.
 [31

] [32

]
File: ../Figures/logo_UCLA_blue_boxed.png Graphic file (type png)
<use ../Figures/logo_UCLA_blue_boxed.png>
Package pdftex.def Info: ../Figures/logo_UCLA_blue_boxed.png  used on input line 455.
(pdftex.def)             Requested size: 48.45955pt x 22.76228pt.
File: ../Figures/PrimShield-Mono_SmallUse_CardOnTrans_RGB.png Graphic file (type png)
<use ../Figures/PrimShield-Mono_SmallUse_CardOnTrans_RGB.png>
Package pdftex.def Info: ../Figures/PrimShield-Mono_SmallUse_CardOnTrans_RGB.png  used on input line 455.
(pdftex.def)             Requested size: 61.87805pt x 22.76228pt.
 [33

]
File: ../Figures/logo_UCLA_blue_boxed.png Graphic file (type png)
<use ../Figures/logo_UCLA_blue_boxed.png>
Package pdftex.def Info: ../Figures/logo_UCLA_blue_boxed.png  used on input line 455.
(pdftex.def)             Requested size: 48.45955pt x 22.76228pt.
File: ../Figures/PrimShield-Mono_SmallUse_CardOnTrans_RGB.png Graphic file (type png)
<use ../Figures/PrimShield-Mono_SmallUse_CardOnTrans_RGB.png>
Package pdftex.def Info: ../Figures/PrimShield-Mono_SmallUse_CardOnTrans_RGB.png  used on input line 455.
(pdftex.def)             Requested size: 61.87805pt x 22.76228pt.
 [34

]
File: ../Figures/logo_UCLA_blue_boxed.png Graphic file (type png)
<use ../Figures/logo_UCLA_blue_boxed.png>
Package pdftex.def Info: ../Figures/logo_UCLA_blue_boxed.png  used on input line 455.
(pdftex.def)             Requested size: 48.45955pt x 22.76228pt.
File: ../Figures/PrimShield-Mono_SmallUse_CardOnTrans_RGB.png Graphic file (type png)
<use ../Figures/PrimShield-Mono_SmallUse_CardOnTrans_RGB.png>
Package pdftex.def Info: ../Figures/PrimShield-Mono_SmallUse_CardOnTrans_RGB.png  used on input line 455.
(pdftex.def)             Requested size: 61.87805pt x 22.76228pt.
 [35

]
<../Figures/noBiasConvergenceErrorBounds.png, id=276, 1770.615pt x 1413.28pt>
File: ../Figures/noBiasConvergenceErrorBounds.png Graphic file (type png)
<use ../Figures/noBiasConvergenceErrorBounds.png>
Package pdftex.def Info: ../Figures/noBiasConvergenceErrorBounds.png  used on input line 459.
(pdftex.def)             Requested size: 301.00056pt x 240.25443pt.
File: ../Figures/logo_UCLA_blue_boxed.png Graphic file (type png)
<use ../Figures/logo_UCLA_blue_boxed.png>
Package pdftex.def Info: ../Figures/logo_UCLA_blue_boxed.png  used on input line 459.
(pdftex.def)             Requested size: 48.45955pt x 22.76228pt.
File: ../Figures/PrimShield-Mono_SmallUse_CardOnTrans_RGB.png Graphic file (type png)
<use ../Figures/PrimShield-Mono_SmallUse_CardOnTrans_RGB.png>
Package pdftex.def Info: ../Figures/PrimShield-Mono_SmallUse_CardOnTrans_RGB.png  used on input line 459.
(pdftex.def)             Requested size: 61.87805pt x 22.76228pt.

Overfull \vbox (27.1125pt too high) detected at line 459
 []

[36

 <../Figures/noBiasConvergenceErrorBounds.png (PNG copy)>] [37

]pdfTeX warning (ext4): destination with the same identifier (name{eq:updateRule}) has been already used, duplicate ignored
<to be read again> 
                   \relax 
l.475 \end{frame}
                 
File: ../Figures/logo_UCLA_blue_boxed.png Graphic file (type png)
<use ../Figures/logo_UCLA_blue_boxed.png>
Package pdftex.def Info: ../Figures/logo_UCLA_blue_boxed.png  used on input line 475.
(pdftex.def)             Requested size: 48.45955pt x 22.76228pt.
File: ../Figures/PrimShield-Mono_SmallUse_CardOnTrans_RGB.png Graphic file (type png)
<use ../Figures/PrimShield-Mono_SmallUse_CardOnTrans_RGB.png>
Package pdftex.def Info: ../Figures/PrimShield-Mono_SmallUse_CardOnTrans_RGB.png  used on input line 475.
(pdftex.def)             Requested size: 61.87805pt x 22.76228pt.
 [38

]
File: ../Figures/logo_UCLA_blue_boxed.png Graphic file (type png)
<use ../Figures/logo_UCLA_blue_boxed.png>
Package pdftex.def Info: ../Figures/logo_UCLA_blue_boxed.png  used on input line 475.
(pdftex.def)             Requested size: 48.45955pt x 22.76228pt.
File: ../Figures/PrimShield-Mono_SmallUse_CardOnTrans_RGB.png Graphic file (type png)
<use ../Figures/PrimShield-Mono_SmallUse_CardOnTrans_RGB.png>
Package pdftex.def Info: ../Figures/PrimShield-Mono_SmallUse_CardOnTrans_RGB.png  used on input line 475.
(pdftex.def)             Requested size: 61.87805pt x 22.76228pt.
 [39

]
File: ../Figures/logo_UCLA_blue_boxed.png Graphic file (type png)
<use ../Figures/logo_UCLA_blue_boxed.png>
Package pdftex.def Info: ../Figures/logo_UCLA_blue_boxed.png  used on input line 488.
(pdftex.def)             Requested size: 48.45955pt x 22.76228pt.
File: ../Figures/PrimShield-Mono_SmallUse_CardOnTrans_RGB.png Graphic file (type png)
<use ../Figures/PrimShield-Mono_SmallUse_CardOnTrans_RGB.png>
Package pdftex.def Info: ../Figures/PrimShield-Mono_SmallUse_CardOnTrans_RGB.png  used on input line 488.
(pdftex.def)             Requested size: 61.87805pt x 22.76228pt.
 [40

]
File: ../Figures/logo_UCLA_blue_boxed.png Graphic file (type png)
<use ../Figures/logo_UCLA_blue_boxed.png>
Package pdftex.def Info: ../Figures/logo_UCLA_blue_boxed.png  used on input line 488.
(pdftex.def)             Requested size: 48.45955pt x 22.76228pt.
File: ../Figures/PrimShield-Mono_SmallUse_CardOnTrans_RGB.png Graphic file (type png)
<use ../Figures/PrimShield-Mono_SmallUse_CardOnTrans_RGB.png>
Package pdftex.def Info: ../Figures/PrimShield-Mono_SmallUse_CardOnTrans_RGB.png  used on input line 488.
(pdftex.def)             Requested size: 61.87805pt x 22.76228pt.
 [41

] [42

]
File: ../Figures/logo_UCLA_blue_boxed.png Graphic file (type png)
<use ../Figures/logo_UCLA_blue_boxed.png>
Package pdftex.def Info: ../Figures/logo_UCLA_blue_boxed.png  used on input line 510.
(pdftex.def)             Requested size: 48.45955pt x 22.76228pt.
File: ../Figures/PrimShield-Mono_SmallUse_CardOnTrans_RGB.png Graphic file (type png)
<use ../Figures/PrimShield-Mono_SmallUse_CardOnTrans_RGB.png>
Package pdftex.def Info: ../Figures/PrimShield-Mono_SmallUse_CardOnTrans_RGB.png  used on input line 510.
(pdftex.def)             Requested size: 61.87805pt x 22.76228pt.
 [43

]
File: ../Figures/logo_UCLA_blue_boxed.png Graphic file (type png)
<use ../Figures/logo_UCLA_blue_boxed.png>
Package pdftex.def Info: ../Figures/logo_UCLA_blue_boxed.png  used on input line 510.
(pdftex.def)             Requested size: 48.45955pt x 22.76228pt.
File: ../Figures/PrimShield-Mono_SmallUse_CardOnTrans_RGB.png Graphic file (type png)
<use ../Figures/PrimShield-Mono_SmallUse_CardOnTrans_RGB.png>
Package pdftex.def Info: ../Figures/PrimShield-Mono_SmallUse_CardOnTrans_RGB.png  used on input line 510.
(pdftex.def)             Requested size: 61.87805pt x 22.76228pt.
 [44

]
File: ../Figures/logo_UCLA_blue_boxed.png Graphic file (type png)
<use ../Figures/logo_UCLA_blue_boxed.png>
Package pdftex.def Info: ../Figures/logo_UCLA_blue_boxed.png  used on input line 510.
(pdftex.def)             Requested size: 48.45955pt x 22.76228pt.
File: ../Figures/PrimShield-Mono_SmallUse_CardOnTrans_RGB.png Graphic file (type png)
<use ../Figures/PrimShield-Mono_SmallUse_CardOnTrans_RGB.png>
Package pdftex.def Info: ../Figures/PrimShield-Mono_SmallUse_CardOnTrans_RGB.png  used on input line 510.
(pdftex.def)             Requested size: 61.87805pt x 22.76228pt.
 [45

]
File: ../Figures/logo_UCLA_blue_boxed.png Graphic file (type png)
<use ../Figures/logo_UCLA_blue_boxed.png>
Package pdftex.def Info: ../Figures/logo_UCLA_blue_boxed.png  used on input line 510.
(pdftex.def)             Requested size: 48.45955pt x 22.76228pt.
File: ../Figures/PrimShield-Mono_SmallUse_CardOnTrans_RGB.png Graphic file (type png)
<use ../Figures/PrimShield-Mono_SmallUse_CardOnTrans_RGB.png>
Package pdftex.def Info: ../Figures/PrimShield-Mono_SmallUse_CardOnTrans_RGB.png  used on input line 510.
(pdftex.def)             Requested size: 61.87805pt x 22.76228pt.
 [46

]
File: ../Figures/logo_UCLA_blue_boxed.png Graphic file (type png)
<use ../Figures/logo_UCLA_blue_boxed.png>
Package pdftex.def Info: ../Figures/logo_UCLA_blue_boxed.png  used on input line 510.
(pdftex.def)             Requested size: 48.45955pt x 22.76228pt.
File: ../Figures/PrimShield-Mono_SmallUse_CardOnTrans_RGB.png Graphic file (type png)
<use ../Figures/PrimShield-Mono_SmallUse_CardOnTrans_RGB.png>
Package pdftex.def Info: ../Figures/PrimShield-Mono_SmallUse_CardOnTrans_RGB.png  used on input line 510.
(pdftex.def)             Requested size: 61.87805pt x 22.76228pt.
 [47

]
File: ../Figures/logo_UCLA_blue_boxed.png Graphic file (type png)
<use ../Figures/logo_UCLA_blue_boxed.png>
Package pdftex.def Info: ../Figures/logo_UCLA_blue_boxed.png  used on input line 520.
(pdftex.def)             Requested size: 48.45955pt x 22.76228pt.
File: ../Figures/PrimShield-Mono_SmallUse_CardOnTrans_RGB.png Graphic file (type png)
<use ../Figures/PrimShield-Mono_SmallUse_CardOnTrans_RGB.png>
Package pdftex.def Info: ../Figures/PrimShield-Mono_SmallUse_CardOnTrans_RGB.png  used on input line 520.
(pdftex.def)             Requested size: 61.87805pt x 22.76228pt.
 [48

]
<../Figures/success_graph_with_12_nodes_code_9.pdf, id=353, 462.52798pt x 346.89601pt>
File: ../Figures/success_graph_with_12_nodes_code_9.pdf Graphic file (type pdf)
<use ../Figures/success_graph_with_12_nodes_code_9.pdf>
Package pdftex.def Info: ../Figures/success_graph_with_12_nodes_code_9.pdf  used on input line 539.
(pdftex.def)             Requested size: 138.75946pt x 104.0696pt.
<../Figures/success_graph_with_10_nodes_code_path_10.pdf, id=354, 867.24pt x 578.16pt>
File: ../Figures/success_graph_with_10_nodes_code_path_10.pdf Graphic file (type pdf)
<use ../Figures/success_graph_with_10_nodes_code_path_10.pdf>
Package pdftex.def Info: ../Figures/success_graph_with_10_nodes_code_path_10.pdf  used on input line 539.
(pdftex.def)             Requested size: 156.09647pt x 104.0643pt.

Overfull \hbox (5.52275pt too wide) in paragraph at lines 539--539
 [][] 
 []

File: ../Figures/logo_UCLA_blue_boxed.png Graphic file (type png)
<use ../Figures/logo_UCLA_blue_boxed.png>
Package pdftex.def Info: ../Figures/logo_UCLA_blue_boxed.png  used on input line 539.
(pdftex.def)             Requested size: 48.45955pt x 22.76228pt.
File: ../Figures/PrimShield-Mono_SmallUse_CardOnTrans_RGB.png Graphic file (type png)
<use ../Figures/PrimShield-Mono_SmallUse_CardOnTrans_RGB.png>
Package pdftex.def Info: ../Figures/PrimShield-Mono_SmallUse_CardOnTrans_RGB.png  used on input line 539.
(pdftex.def)             Requested size: 61.87805pt x 22.76228pt.
[49

 <../Figures/success_graph_with_12_nodes_code_9.pdf> <../Figures/success_graph_with_10_nodes_code_path_10.pdf

pdfTeX warning: pdflatex (file ../Figures/success_graph_with_10_nodes_code_path_10.pdf): PDF inclusion: multiple pdfs with page group included in a single page
>]
<../Figures/compare_ER_7_nodes_0_1-0_9_10_trials.pdf, id=394, 1011.78pt x 578.16pt>
File: ../Figures/compare_ER_7_nodes_0_1-0_9_10_trials.pdf Graphic file (type pdf)
<use ../Figures/compare_ER_7_nodes_0_1-0_9_10_trials.pdf>
Package pdftex.def Info: ../Figures/compare_ER_7_nodes_0_1-0_9_10_trials.pdf  used on input line 561.
(pdftex.def)             Requested size: 202.35242pt x 115.62994pt.
File: ../Figures/logo_UCLA_blue_boxed.png Graphic file (type png)
<use ../Figures/logo_UCLA_blue_boxed.png>
Package pdftex.def Info: ../Figures/logo_UCLA_blue_boxed.png  used on input line 561.
(pdftex.def)             Requested size: 48.45955pt x 22.76228pt.
File: ../Figures/PrimShield-Mono_SmallUse_CardOnTrans_RGB.png Graphic file (type png)
<use ../Figures/PrimShield-Mono_SmallUse_CardOnTrans_RGB.png>
Package pdftex.def Info: ../Figures/PrimShield-Mono_SmallUse_CardOnTrans_RGB.png  used on input line 561.
(pdftex.def)             Requested size: 61.87805pt x 22.76228pt.
 [50

 <../Figures/compare_ER_7_nodes_0_1-0_9_10_trials.pdf>]
<../Figures/barbell.pdf, id=442, 867.24pt x 578.16pt>
File: ../Figures/barbell.pdf Graphic file (type pdf)
<use ../Figures/barbell.pdf>
Package pdftex.def Info: ../Figures/barbell.pdf  used on input line 574.
(pdftex.def)             Requested size: 190.7934pt x 127.19559pt.
File: ../Figures/logo_UCLA_blue_boxed.png Graphic file (type png)
<use ../Figures/logo_UCLA_blue_boxed.png>
Package pdftex.def Info: ../Figures/logo_UCLA_blue_boxed.png  used on input line 574.
(pdftex.def)             Requested size: 48.45955pt x 22.76228pt.
File: ../Figures/PrimShield-Mono_SmallUse_CardOnTrans_RGB.png Graphic file (type png)
<use ../Figures/PrimShield-Mono_SmallUse_CardOnTrans_RGB.png>
Package pdftex.def Info: ../Figures/PrimShield-Mono_SmallUse_CardOnTrans_RGB.png  used on input line 574.
(pdftex.def)             Requested size: 61.87805pt x 22.76228pt.

Overfull \vbox (15.84773pt too high) detected at line 574
 []

[51

 <../Figures/barbell.pdf>] [52

]
\tf@nav=\write6
\openout6 = `main.nav'.

\tf@toc=\write7
\openout7 = `main.toc'.

\tf@snm=\write8
\openout8 = `main.snm'.

Package atveryend Info: Empty hook `BeforeClearDocument' on input line 920.
Package atveryend Info: Empty hook `AfterLastShipout' on input line 920.
 (./main.aux)
Package atveryend Info: Executing hook `AtVeryEndDocument' on input line 920.
Package atveryend Info: Executing hook `AtEndAfterFileList' on input line 920.
Package rerunfilecheck Info: File `main.out' has not changed.
(rerunfilecheck)             Checksum: E29686DB3066A34378FAD252DFA3B410;252.


LaTeX Font Warning: Some font shapes were not available, defaults substituted.


LaTeX Warning: There were multiply-defined labels.

 ) 
Here is how much of TeX's memory you used:
 33921 strings out of 492649
 806806 string characters out of 6129622
 1078305 words of memory out of 5000000
 36941 multiletter control sequences out of 15000+600000
 21986 words of font info for 79 fonts, out of 8000000 for 9000
 1141 hyphenation exceptions out of 8191
 71i,13n,98p,1807b,763s stack positions out of 5000i,500n,10000p,200000b,80000s
</usr/local/texlive/2018/texmf-dist/fonts/type1/public/amsfonts/cm/cmex10.pfb></usr/local/texlive/2018/texmf-dist/fonts/type1/public/amsfonts/cmextra/cmex7.pfb></usr/local/texlive/2018/texmf-dist/fonts/type1/public/amsfonts/cmextra/cmex9.pfb></usr/local/texlive/2018/texmf-dist/fonts/type1/public/amsfonts/cm/cmmi10.pfb></usr/local/texlive/2018/texmf-dist/fonts/type1/public/amsfonts/cm/cmmi7.pfb></usr/local/texlive/2018/texmf-dist/fonts/type1/public/amsfonts/cm/cmmi9.pfb></usr/local/texlive/2018/texmf-dist/fonts/type1/public/amsfonts/cm/cmss10.pfb></usr/local/texlive/2018/texmf-dist/fonts/type1/public/amsfonts/cm/cmss12.pfb></usr/local/texlive/2018/texmf-dist/fonts/type1/public/amsfonts/cm/cmss17.pfb></usr/local/texlive/2018/texmf-dist/fonts/type1/public/amsfonts/cm/cmss8.pfb></usr/local/texlive/2018/texmf-dist/fonts/type1/public/amsfonts/cm/cmss9.pfb></usr/local/texlive/2018/texmf-dist/fonts/type1/public/amsfonts/cm/cmssbx10.pfb></usr/local/texlive/2018/texmf-dist/fonts/type1/public/amsfonts/cm/cmssi10.pfb></usr/local/texlive/2018/texmf-dist/fonts/type1/public/amsfonts/cm/cmssi12.pfb></usr/local/texlive/2018/texmf-dist/fonts/type1/public/amsfonts/cm/cmssi8.pfb></usr/local/texlive/2018/texmf-dist/fonts/type1/public/amsfonts/cm/cmssi9.pfb></usr/local/texlive/2018/texmf-dist/fonts/type1/public/amsfonts/cm/cmsy10.pfb></usr/local/texlive/2018/texmf-dist/fonts/type1/public/amsfonts/cm/cmsy7.pfb></usr/local/texlive/2018/texmf-dist/fonts/type1/public/amsfonts/cm/cmsy9.pfb></usr/local/texlive/2018/texmf-dist/fonts/type1/public/amsfonts/symbols/msbm10.pfb>
Output written on main.pdf (52 pages, 1949091 bytes).
PDF statistics:
 557 PDF objects out of 1000 (max. 8388607)
 378 compressed objects within 4 object streams
 120 named destinations out of 1000 (max. 500000)
 212 words of extra memory for PDF output out of 10000 (max. 10000000)

